<?xml version="1.0" encoding="UTF-8"?>
<!-- Generated by org.testng.reporters.JUnitXMLReporter -->
<testsuite ignored="0" hostname="DESKTOP-3PLUTEV" failures="0" tests="3" name="ChromeTest" time="76.02" errors="0" timestamp="2022-03-10T10:05:51 IST">
  <testcase classname="m_flipcart.randomTest" name="Tests" time="0.003"/>
  <testcase classname="m_flipcart.tests" name="addDelete" time="22.94"/>
  <testcase classname="m_flipcart.tests" name="remove" time="6.413"/>
</testsuite> <!-- ChromeTest -->
