<?xml version="1.0" encoding="UTF-8"?>
<!-- Generated by org.testng.reporters.JUnitXMLReporter -->
<testsuite ignored="0" hostname="DESKTOP-3PLUTEV" failures="0" tests="3" name="ChromeTest" time="76.399" errors="0" timestamp="2022-03-05T12:14:49 IST">
  <testcase classname="m_flipcart.tests" name="@BeforeMethod logInApplication" time="73.75">
    <failure type="java.lang.StackOverflowError">
      <![CDATA[java.lang.StackOverflowError
at java.xml/com.sun.org.apache.xerces.internal.util.SymbolTable$Entry.<init>(SymbolTable.java:461)
at java.xml/com.sun.org.apache.xerces.internal.util.SymbolTable.addSymbol0(SymbolTable.java:248)
at java.xml/com.sun.org.apache.xerces.internal.util.SymbolTable.addSymbol(SymbolTable.java:229)
at java.xml/com.sun.org.apache.xerces.internal.impl.XMLEntityScanner.scanQName(XMLEntityScanner.java:854)
at java.xml/com.sun.org.apache.xerces.internal.impl.XMLNSDocumentScannerImpl.scanAttribute(XMLNSDocumentScannerImpl.java:408)
at java.xml/com.sun.org.apache.xerces.internal.impl.XMLNSDocumentScannerImpl.scanStartElement(XMLNSDocumentScannerImpl.java:250)
at java.xml/com.sun.org.apache.xerces.internal.impl.XMLNSDocumentScannerImpl$NSContentDriver.scanRootElementHook(XMLNSDocumentScannerImpl.java:613)
at java.xml/com.sun.org.apache.xerces.internal.impl.XMLDocumentFragmentScannerImpl$FragmentContentDriver.next(XMLDocumentFragmentScannerImpl.java:3079)
at java.xml/com.sun.org.apache.xerces.internal.impl.XMLDocumentScannerImpl$PrologDriver.next(XMLDocumentScannerImpl.java:836)
at java.xml/com.sun.org.apache.xerces.internal.impl.XMLDocumentScannerImpl.next(XMLDocumentScannerImpl.java:605)
at java.xml/com.sun.org.apache.xerces.internal.impl.XMLNSDocumentScannerImpl.next(XMLNSDocumentScannerImpl.java:112)
at java.xml/com.sun.org.apache.xerces.internal.impl.XMLDocumentFragmentScannerImpl.scanDocument(XMLDocumentFragmentScannerImpl.java:542)
at java.xml/com.sun.org.apache.xerces.internal.parsers.XML11Configuration.parse(XML11Configuration.java:889)
at java.xml/com.sun.org.apache.xerces.internal.parsers.XML11Configuration.parse(XML11Configuration.java:825)
at java.xml/com.sun.org.apache.xerces.internal.parsers.XMLParser.parse(XMLParser.java:141)
at java.xml/com.sun.org.apache.xerces.internal.parsers.AbstractSAXParser.parse(AbstractSAXParser.java:1224)
at java.xml/com.sun.org.apache.xerces.internal.jaxp.SAXParserImpl$JAXPSAXParser.parse(SAXParserImpl.java:637)
at org.apache.xmlbeans.impl.store.Locale$SaxLoader.load(Locale.java:2523)
at org.apache.xmlbeans.impl.store.Locale.lambda$parseToXmlObject$3(Locale.java:715)
at org.apache.xmlbeans.impl.store.Locale.syncWrap(Locale.java:488)
at org.apache.xmlbeans.impl.store.Locale.parseToXmlObject(Locale.java:714)
at org.apache.xmlbeans.impl.schema.SchemaTypeLoaderBase.parse(SchemaTypeLoaderBase.java:233)
at org.apache.xmlbeans.impl.schema.AbstractDocumentFactory.parse(AbstractDocumentFactory.java:71)
at org.apache.poi.xssf.model.StylesTable.readFrom(StylesTable.java:219)
at org.apache.poi.xssf.model.StylesTable.<init>(StylesTable.java:159)
at org.apache.poi.ooxml.POIXMLFactory.createDocumentPart(POIXMLFactory.java:61)
at org.apache.poi.ooxml.POIXMLDocumentPart.read(POIXMLDocumentPart.java:661)
at org.apache.poi.ooxml.POIXMLDocument.load(POIXMLDocument.java:165)
at org.apache.poi.xssf.usermodel.XSSFWorkbook.<init>(XSSFWorkbook.java:274)
at org.apache.poi.xssf.usermodel.XSSFWorkbookFactory.createWorkbook(XSSFWorkbookFactory.java:118)
at org.apache.poi.xssf.usermodel.XSSFWorkbookFactory.create(XSSFWorkbookFactory.java:98)
at org.apache.poi.xssf.usermodel.XSSFWorkbookFactory.create(XSSFWorkbookFactory.java:36)
at org.apache.poi.ss.usermodel.WorkbookFactory.lambda$create$2(WorkbookFactory.java:224)
at org.apache.poi.ss.usermodel.WorkbookFactory.wp(WorkbookFactory.java:329)
at org.apache.poi.ss.usermodel.WorkbookFactory.create(WorkbookFactory.java:224)
at org.apache.poi.ss.usermodel.WorkbookFactory.create(WorkbookFactory.java:185)
at utils.Utility.dataFromExcel(Utility.java:36)
at utils.Utility.dataFromExcel(Utility.java:39)
at utils.Utility.dataFromExcel(Utility.java:39)
at utils.Utility.dataFromExcel(Utility.java:39)
at utils.Utility.dataFromExcel(Utility.java:39)
at utils.Utility.dataFromExcel(Utility.java:39)
at utils.Utility.dataFromExcel(Utility.java:39)
at utils.Utility.dataFromExcel(Utility.java:39)
at utils.Utility.dataFromExcel(Utility.java:39)
at utils.Utility.dataFromExcel(Utility.java:39)
at utils.Utility.dataFromExcel(Utility.java:39)
at utils.Utility.dataFromExcel(Utility.java:39)
at utils.Utility.dataFromExcel(Utility.java:39)
at utils.Utility.dataFromExcel(Utility.java:39)
at utils.Utility.dataFromExcel(Utility.java:39)
at utils.Utility.dataFromExcel(Utility.java:39)
at utils.Utility.dataFromExcel(Utility.java:39)
at utils.Utility.dataFromExcel(Utility.java:39)
at utils.Utility.dataFromExcel(Utility.java:39)
at utils.Utility.dataFromExcel(Utility.java:39)
at utils.Utility.dataFromExcel(Utility.java:39)
at utils.Utility.dataFromExcel(Utility.java:39)
at utils.Utility.dataFromExcel(Utility.java:39)
at utils.Utility.dataFromExcel(Utility.java:39)
at utils.Utility.dataFromExcel(Utility.java:39)
at utils.Utility.dataFromExcel(Utility.java:39)
at utils.Utility.dataFromExcel(Utility.java:39)
at utils.Utility.dataFromExcel(Utility.java:39)
at utils.Utility.dataFromExcel(Utility.java:39)
at utils.Utility.dataFromExcel(Utility.java:39)
at utils.Utility.dataFromExcel(Utility.java:39)
at utils.Utility.dataFromExcel(Utility.java:39)
at utils.Utility.dataFromExcel(Utility.java:39)
at utils.Utility.dataFromExcel(Utility.java:39)
at utils.Utility.dataFromExcel(Utility.java:39)
at utils.Utility.dataFromExcel(Utility.java:39)
at utils.Utility.dataFromExcel(Utility.java:39)
at utils.Utility.dataFromExcel(Utility.java:39)
at utils.Utility.dataFromExcel(Utility.java:39)
at utils.Utility.dataFromExcel(Utility.java:39)
at utils.Utility.dataFromExcel(Utility.java:39)
at utils.Utility.dataFromExcel(Utility.java:39)
at utils.Utility.dataFromExcel(Utility.java:39)
at utils.Utility.dataFromExcel(Utility.java:39)
at utils.Utility.dataFromExcel(Utility.java:39)
at utils.Utility.dataFromExcel(Utility.java:39)
at utils.Utility.dataFromExcel(Utility.java:39)
at utils.Utility.dataFromExcel(Utility.java:39)
at utils.Utility.dataFromExcel(Utility.java:39)
at utils.Utility.dataFromExcel(Utility.java:39)
at utils.Utility.dataFromExcel(Utility.java:39)
at utils.Utility.dataFromExcel(Utility.java:39)
at utils.Utility.dataFromExcel(Utility.java:39)
at utils.Utility.dataFromExcel(Utility.java:39)
at utils.Utility.dataFromExcel(Utility.java:39)
at utils.Utility.dataFromExcel(Utility.java:39)
at utils.Utility.dataFromExcel(Utility.java:39)
at utils.Utility.dataFromExcel(Utility.java:39)
at utils.Utility.dataFromExcel(Utility.java:39)
at utils.Utility.dataFromExcel(Utility.java:39)
at utils.Utility.dataFromExcel(Utility.java:39)
at utils.Utility.dataFromExcel(Utility.java:39)
at utils.Utility.dataFromExcel(Utility.java:39)
at utils.Utility.dataFromExcel(Utility.java:39)
at utils.Utility.dataFromExcel(Utility.java:39)
at utils.Utility.dataFromExcel(Utility.java:39)
at utils.Utility.dataFromExcel(Utility.java:39)
at utils.Utility.dataFromExcel(Utility.java:39)
at utils.Utility.dataFromExcel(Utility.java:39)
at utils.Utility.dataFromExcel(Utility.java:39)
at utils.Utility.dataFromExcel(Utility.java:39)
at utils.Utility.dataFromExcel(Utility.java:39)
at utils.Utility.dataFromExcel(Utility.java:39)
at utils.Utility.dataFromExcel(Utility.java:39)
at utils.Utility.dataFromExcel(Utility.java:39)
at utils.Utility.dataFromExcel(Utility.java:39)
at utils.Utility.dataFromExcel(Utility.java:39)
at utils.Utility.dataFromExcel(Utility.java:39)
at utils.Utility.dataFromExcel(Utility.java:39)
at utils.Utility.dataFromExcel(Utility.java:39)
at utils.Utility.dataFromExcel(Utility.java:39)
at utils.Utility.dataFromExcel(Utility.java:39)
at utils.Utility.dataFromExcel(Utility.java:39)
at utils.Utility.dataFromExcel(Utility.java:39)
at utils.Utility.dataFromExcel(Utility.java:39)
at utils.Utility.dataFromExcel(Utility.java:39)
at utils.Utility.dataFromExcel(Utility.java:39)
at utils.Utility.dataFromExcel(Utility.java:39)
at utils.Utility.dataFromExcel(Utility.java:39)
at utils.Utility.dataFromExcel(Utility.java:39)
at utils.Utility.dataFromExcel(Utility.java:39)
at utils.Utility.dataFromExcel(Utility.java:39)
at utils.Utility.dataFromExcel(Utility.java:39)
at utils.Utility.dataFromExcel(Utility.java:39)
at utils.Utility.dataFromExcel(Utility.java:39)
at utils.Utility.dataFromExcel(Utility.java:39)
at utils.Utility.dataFromExcel(Utility.java:39)
at utils.Utility.dataFromExcel(Utility.java:39)
at utils.Utility.dataFromExcel(Utility.java:39)
at utils.Utility.dataFromExcel(Utility.java:39)
at utils.Utility.dataFromExcel(Utility.java:39)
at utils.Utility.dataFromExcel(Utility.java:39)
at utils.Utility.dataFromExcel(Utility.java:39)
at utils.Utility.dataFromExcel(Utility.java:39)
at utils.Utility.dataFromExcel(Utility.java:39)
at utils.Utility.dataFromExcel(Utility.java:39)
at utils.Utility.dataFromExcel(Utility.java:39)
at utils.Utility.dataFromExcel(Utility.java:39)
at utils.Utility.dataFromExcel(Utility.java:39)
at utils.Utility.dataFromExcel(Utility.java:39)
at utils.Utility.dataFromExcel(Utility.java:39)
at utils.Utility.dataFromExcel(Utility.java:39)
at utils.Utility.dataFromExcel(Utility.java:39)
at utils.Utility.dataFromExcel(Utility.java:39)
at utils.Utility.dataFromExcel(Utility.java:39)
at utils.Utility.dataFromExcel(Utility.java:39)
at utils.Utility.dataFromExcel(Utility.java:39)
at utils.Utility.dataFromExcel(Utility.java:39)
at utils.Utility.dataFromExcel(Utility.java:39)
at utils.Utility.dataFromExcel(Utility.java:39)
at utils.Utility.dataFromExcel(Utility.java:39)
at utils.Utility.dataFromExcel(Utility.java:39)
at utils.Utility.dataFromExcel(Utility.java:39)
at utils.Utility.dataFromExcel(Utility.java:39)
at utils.Utility.dataFromExcel(Utility.java:39)
at utils.Utility.dataFromExcel(Utility.java:39)
at utils.Utility.dataFromExcel(Utility.java:39)
at utils.Utility.dataFromExcel(Utility.java:39)
at utils.Utility.dataFromExcel(Utility.java:39)
at utils.Utility.dataFromExcel(Utility.java:39)
at utils.Utility.dataFromExcel(Utility.java:39)
at utils.Utility.dataFromExcel(Utility.java:39)
at utils.Utility.dataFromExcel(Utility.java:39)
at utils.Utility.dataFromExcel(Utility.java:39)
at utils.Utility.dataFromExcel(Utility.java:39)
at utils.Utility.dataFromExcel(Utility.java:39)
at utils.Utility.dataFromExcel(Utility.java:39)
at utils.Utility.dataFromExcel(Utility.java:39)
at utils.Utility.dataFromExcel(Utility.java:39)
at utils.Utility.dataFromExcel(Utility.java:39)
at utils.Utility.dataFromExcel(Utility.java:39)
at utils.Utility.dataFromExcel(Utility.java:39)
at utils.Utility.dataFromExcel(Utility.java:39)
at utils.Utility.dataFromExcel(Utility.java:39)
at utils.Utility.dataFromExcel(Utility.java:39)
at utils.Utility.dataFromExcel(Utility.java:39)
at utils.Utility.dataFromExcel(Utility.java:39)
at utils.Utility.dataFromExcel(Utility.java:39)
at utils.Utility.dataFromExcel(Utility.java:39)
at utils.Utility.dataFromExcel(Utility.java:39)
at utils.Utility.dataFromExcel(Utility.java:39)
at utils.Utility.dataFromExcel(Utility.java:39)
at utils.Utility.dataFromExcel(Utility.java:39)
at utils.Utility.dataFromExcel(Utility.java:39)
at utils.Utility.dataFromExcel(Utility.java:39)
at utils.Utility.dataFromExcel(Utility.java:39)
at utils.Utility.dataFromExcel(Utility.java:39)
at utils.Utility.dataFromExcel(Utility.java:39)
at utils.Utility.dataFromExcel(Utility.java:39)
at utils.Utility.dataFromExcel(Utility.java:39)
at utils.Utility.dataFromExcel(Utility.java:39)
at utils.Utility.dataFromExcel(Utility.java:39)
at utils.Utility.dataFromExcel(Utility.java:39)
at utils.Utility.dataFromExcel(Utility.java:39)
at utils.Utility.dataFromExcel(Utility.java:39)
at utils.Utility.dataFromExcel(Utility.java:39)
at utils.Utility.dataFromExcel(Utility.java:39)
at utils.Utility.dataFromExcel(Utility.java:39)
at utils.Utility.dataFromExcel(Utility.java:39)
at utils.Utility.dataFromExcel(Utility.java:39)
at utils.Utility.dataFromExcel(Utility.java:39)
at utils.Utility.dataFromExcel(Utility.java:39)
at utils.Utility.dataFromExcel(Utility.java:39)
at utils.Utility.dataFromExcel(Utility.java:39)
at utils.Utility.dataFromExcel(Utility.java:39)
at utils.Utility.dataFromExcel(Utility.java:39)
at utils.Utility.dataFromExcel(Utility.java:39)
at utils.Utility.dataFromExcel(Utility.java:39)
at utils.Utility.dataFromExcel(Utility.java:39)
at utils.Utility.dataFromExcel(Utility.java:39)
at utils.Utility.dataFromExcel(Utility.java:39)
at utils.Utility.dataFromExcel(Utility.java:39)
at utils.Utility.dataFromExcel(Utility.java:39)
at utils.Utility.dataFromExcel(Utility.java:39)
at utils.Utility.dataFromExcel(Utility.java:39)
at utils.Utility.dataFromExcel(Utility.java:39)
at utils.Utility.dataFromExcel(Utility.java:39)
at utils.Utility.dataFromExcel(Utility.java:39)
at utils.Utility.dataFromExcel(Utility.java:39)
at utils.Utility.dataFromExcel(Utility.java:39)
at utils.Utility.dataFromExcel(Utility.java:39)
at utils.Utility.dataFromExcel(Utility.java:39)
at utils.Utility.dataFromExcel(Utility.java:39)
at utils.Utility.dataFromExcel(Utility.java:39)
at utils.Utility.dataFromExcel(Utility.java:39)
at utils.Utility.dataFromExcel(Utility.java:39)
at utils.Utility.dataFromExcel(Utility.java:39)
at utils.Utility.dataFromExcel(Utility.java:39)
at utils.Utility.dataFromExcel(Utility.java:39)
at utils.Utility.dataFromExcel(Utility.java:39)
at utils.Utility.dataFromExcel(Utility.java:39)
at utils.Utility.dataFromExcel(Utility.java:39)
at utils.Utility.dataFromExcel(Utility.java:39)
at utils.Utility.dataFromExcel(Utility.java:39)
at utils.Utility.dataFromExcel(Utility.java:39)
at utils.Utility.dataFromExcel(Utility.java:39)
at utils.Utility.dataFromExcel(Utility.java:39)
at utils.Utility.dataFromExcel(Utility.java:39)
at utils.Utility.dataFromExcel(Utility.java:39)
at utils.Utility.dataFromExcel(Utility.java:39)
at utils.Utility.dataFromExcel(Utility.java:39)
at utils.Utility.dataFromExcel(Utility.java:39)
at utils.Utility.dataFromExcel(Utility.java:39)
at utils.Utility.dataFromExcel(Utility.java:39)
at utils.Utility.dataFromExcel(Utility.java:39)
at utils.Utility.dataFromExcel(Utility.java:39)
at utils.Utility.dataFromExcel(Utility.java:39)
at utils.Utility.dataFromExcel(Utility.java:39)
at utils.Utility.dataFromExcel(Utility.java:39)
at utils.Utility.dataFromExcel(Utility.java:39)
at utils.Utility.dataFromExcel(Utility.java:39)
at utils.Utility.dataFromExcel(Utility.java:39)
at utils.Utility.dataFromExcel(Utility.java:39)
at utils.Utility.dataFromExcel(Utility.java:39)
at utils.Utility.dataFromExcel(Utility.java:39)
at utils.Utility.dataFromExcel(Utility.java:39)
at utils.Utility.dataFromExcel(Utility.java:39)
at utils.Utility.dataFromExcel(Utility.java:39)
at utils.Utility.dataFromExcel(Utility.java:39)
at utils.Utility.dataFromExcel(Utility.java:39)
at utils.Utility.dataFromExcel(Utility.java:39)
at utils.Utility.dataFromExcel(Utility.java:39)
at utils.Utility.dataFromExcel(Utility.java:39)
at utils.Utility.dataFromExcel(Utility.java:39)
at utils.Utility.dataFromExcel(Utility.java:39)
at utils.Utility.dataFromExcel(Utility.java:39)
at utils.Utility.dataFromExcel(Utility.java:39)
at utils.Utility.dataFromExcel(Utility.java:39)
at utils.Utility.dataFromExcel(Utility.java:39)
at utils.Utility.dataFromExcel(Utility.java:39)
at utils.Utility.dataFromExcel(Utility.java:39)
at utils.Utility.dataFromExcel(Utility.java:39)
at utils.Utility.dataFromExcel(Utility.java:39)
at utils.Utility.dataFromExcel(Utility.java:39)
at utils.Utility.dataFromExcel(Utility.java:39)
at utils.Utility.dataFromExcel(Utility.java:39)
at utils.Utility.dataFromExcel(Utility.java:39)
at utils.Utility.dataFromExcel(Utility.java:39)
at utils.Utility.dataFromExcel(Utility.java:39)
at utils.Utility.dataFromExcel(Utility.java:39)
at utils.Utility.dataFromExcel(Utility.java:39)
at utils.Utility.dataFromExcel(Utility.java:39)
at utils.Utility.dataFromExcel(Utility.java:39)
at utils.Utility.dataFromExcel(Utility.java:39)
at utils.Utility.dataFromExcel(Utility.java:39)
at utils.Utility.dataFromExcel(Utility.java:39)
at utils.Utility.dataFromExcel(Utility.java:39)
at utils.Utility.dataFromExcel(Utility.java:39)
at utils.Utility.dataFromExcel(Utility.java:39)
at utils.Utility.dataFromExcel(Utility.java:39)
at utils.Utility.dataFromExcel(Utility.java:39)
at utils.Utility.dataFromExcel(Utility.java:39)
at utils.Utility.dataFromExcel(Utility.java:39)
at utils.Utility.dataFromExcel(Utility.java:39)
at utils.Utility.dataFromExcel(Utility.java:39)
at utils.Utility.dataFromExcel(Utility.java:39)
at utils.Utility.dataFromExcel(Utility.java:39)
at utils.Utility.dataFromExcel(Utility.java:39)
at utils.Utility.dataFromExcel(Utility.java:39)
at utils.Utility.dataFromExcel(Utility.java:39)
at utils.Utility.dataFromExcel(Utility.java:39)
at utils.Utility.dataFromExcel(Utility.java:39)
at utils.Utility.dataFromExcel(Utility.java:39)
at utils.Utility.dataFromExcel(Utility.java:39)
at utils.Utility.dataFromExcel(Utility.java:39)
at utils.Utility.dataFromExcel(Utility.java:39)
at utils.Utility.dataFromExcel(Utility.java:39)
at utils.Utility.dataFromExcel(Utility.java:39)
at utils.Utility.dataFromExcel(Utility.java:39)
at utils.Utility.dataFromExcel(Utility.java:39)
at utils.Utility.dataFromExcel(Utility.java:39)
at utils.Utility.dataFromExcel(Utility.java:39)
at utils.Utility.dataFromExcel(Utility.java:39)
at utils.Utility.dataFromExcel(Utility.java:39)
at utils.Utility.dataFromExcel(Utility.java:39)
at utils.Utility.dataFromExcel(Utility.java:39)
at utils.Utility.dataFromExcel(Utility.java:39)
at utils.Utility.dataFromExcel(Utility.java:39)
at utils.Utility.dataFromExcel(Utility.java:39)
at utils.Utility.dataFromExcel(Utility.java:39)
at utils.Utility.dataFromExcel(Utility.java:39)
at utils.Utility.dataFromExcel(Utility.java:39)
at utils.Utility.dataFromExcel(Utility.java:39)
at utils.Utility.dataFromExcel(Utility.java:39)
at utils.Utility.dataFromExcel(Utility.java:39)
at utils.Utility.dataFromExcel(Utility.java:39)
at utils.Utility.dataFromExcel(Utility.java:39)
at utils.Utility.dataFromExcel(Utility.java:39)
at utils.Utility.dataFromExcel(Utility.java:39)
at utils.Utility.dataFromExcel(Utility.java:39)
at utils.Utility.dataFromExcel(Utility.java:39)
at utils.Utility.dataFromExcel(Utility.java:39)
at utils.Utility.dataFromExcel(Utility.java:39)
at utils.Utility.dataFromExcel(Utility.java:39)
at utils.Utility.dataFromExcel(Utility.java:39)
at utils.Utility.dataFromExcel(Utility.java:39)
at utils.Utility.dataFromExcel(Utility.java:39)
at utils.Utility.dataFromExcel(Utility.java:39)
at utils.Utility.dataFromExcel(Utility.java:39)
at utils.Utility.dataFromExcel(Utility.java:39)
at utils.Utility.dataFromExcel(Utility.java:39)
at utils.Utility.dataFromExcel(Utility.java:39)
at utils.Utility.dataFromExcel(Utility.java:39)
at utils.Utility.dataFromExcel(Utility.java:39)
at utils.Utility.dataFromExcel(Utility.java:39)
at utils.Utility.dataFromExcel(Utility.java:39)
at utils.Utility.dataFromExcel(Utility.java:39)
at utils.Utility.dataFromExcel(Utility.java:39)
at utils.Utility.dataFromExcel(Utility.java:39)
at utils.Utility.dataFromExcel(Utility.java:39)
at utils.Utility.dataFromExcel(Utility.java:39)
at utils.Utility.dataFromExcel(Utility.java:39)
at utils.Utility.dataFromExcel(Utility.java:39)
at utils.Utility.dataFromExcel(Utility.java:39)
at utils.Utility.dataFromExcel(Utility.java:39)
at utils.Utility.dataFromExcel(Utility.java:39)
at utils.Utility.dataFromExcel(Utility.java:39)
at utils.Utility.dataFromExcel(Utility.java:39)
at utils.Utility.dataFromExcel(Utility.java:39)
at utils.Utility.dataFromExcel(Utility.java:39)
at utils.Utility.dataFromExcel(Utility.java:39)
at utils.Utility.dataFromExcel(Utility.java:39)
at utils.Utility.dataFromExcel(Utility.java:39)
at utils.Utility.dataFromExcel(Utility.java:39)
at utils.Utility.dataFromExcel(Utility.java:39)
at utils.Utility.dataFromExcel(Utility.java:39)
at utils.Utility.dataFromExcel(Utility.java:39)
at utils.Utility.dataFromExcel(Utility.java:39)
at utils.Utility.dataFromExcel(Utility.java:39)
at utils.Utility.dataFromExcel(Utility.java:39)
at utils.Utility.dataFromExcel(Utility.java:39)
at utils.Utility.dataFromExcel(Utility.java:39)
at utils.Utility.dataFromExcel(Utility.java:39)
at utils.Utility.dataFromExcel(Utility.java:39)
at utils.Utility.dataFromExcel(Utility.java:39)
at utils.Utility.dataFromExcel(Utility.java:39)
at utils.Utility.dataFromExcel(Utility.java:39)
at utils.Utility.dataFromExcel(Utility.java:39)
at utils.Utility.dataFromExcel(Utility.java:39)
at utils.Utility.dataFromExcel(Utility.java:39)
at utils.Utility.dataFromExcel(Utility.java:39)
at utils.Utility.dataFromExcel(Utility.java:39)
at utils.Utility.dataFromExcel(Utility.java:39)
at utils.Utility.dataFromExcel(Utility.java:39)
at utils.Utility.dataFromExcel(Utility.java:39)
at utils.Utility.dataFromExcel(Utility.java:39)
at utils.Utility.dataFromExcel(Utility.java:39)
at utils.Utility.dataFromExcel(Utility.java:39)
at utils.Utility.dataFromExcel(Utility.java:39)
at utils.Utility.dataFromExcel(Utility.java:39)
at utils.Utility.dataFromExcel(Utility.java:39)
at utils.Utility.dataFromExcel(Utility.java:39)
at utils.Utility.dataFromExcel(Utility.java:39)
at utils.Utility.dataFromExcel(Utility.java:39)
at utils.Utility.dataFromExcel(Utility.java:39)
at utils.Utility.dataFromExcel(Utility.java:39)
at utils.Utility.dataFromExcel(Utility.java:39)
at utils.Utility.dataFromExcel(Utility.java:39)
at utils.Utility.dataFromExcel(Utility.java:39)
at utils.Utility.dataFromExcel(Utility.java:39)
at utils.Utility.dataFromExcel(Utility.java:39)
at utils.Utility.dataFromExcel(Utility.java:39)
at utils.Utility.dataFromExcel(Utility.java:39)
at utils.Utility.dataFromExcel(Utility.java:39)
at utils.Utility.dataFromExcel(Utility.java:39)
at utils.Utility.dataFromExcel(Utility.java:39)
at utils.Utility.dataFromExcel(Utility.java:39)
at utils.Utility.dataFromExcel(Utility.java:39)
at utils.Utility.dataFromExcel(Utility.java:39)
at utils.Utility.dataFromExcel(Utility.java:39)
at utils.Utility.dataFromExcel(Utility.java:39)
at utils.Utility.dataFromExcel(Utility.java:39)
at utils.Utility.dataFromExcel(Utility.java:39)
at utils.Utility.dataFromExcel(Utility.java:39)
at utils.Utility.dataFromExcel(Utility.java:39)
at utils.Utility.dataFromExcel(Utility.java:39)
at utils.Utility.dataFromExcel(Utility.java:39)
at utils.Utility.dataFromExcel(Utility.java:39)
at utils.Utility.dataFromExcel(Utility.java:39)
at utils.Utility.dataFromExcel(Utility.java:39)
at utils.Utility.dataFromExcel(Utility.java:39)
at utils.Utility.dataFromExcel(Utility.java:39)
at utils.Utility.dataFromExcel(Utility.java:39)
at utils.Utility.dataFromExcel(Utility.java:39)
at utils.Utility.dataFromExcel(Utility.java:39)
at utils.Utility.dataFromExcel(Utility.java:39)
at utils.Utility.dataFromExcel(Utility.java:39)
at utils.Utility.dataFromExcel(Utility.java:39)
at utils.Utility.dataFromExcel(Utility.java:39)
at utils.Utility.dataFromExcel(Utility.java:39)
at utils.Utility.dataFromExcel(Utility.java:39)
at utils.Utility.dataFromExcel(Utility.java:39)
at utils.Utility.dataFromExcel(Utility.java:39)
at utils.Utility.dataFromExcel(Utility.java:39)
at utils.Utility.dataFromExcel(Utility.java:39)
at utils.Utility.dataFromExcel(Utility.java:39)
at utils.Utility.dataFromExcel(Utility.java:39)
at utils.Utility.dataFromExcel(Utility.java:39)
at utils.Utility.dataFromExcel(Utility.java:39)
at utils.Utility.dataFromExcel(Utility.java:39)
at utils.Utility.dataFromExcel(Utility.java:39)
at utils.Utility.dataFromExcel(Utility.java:39)
at utils.Utility.dataFromExcel(Utility.java:39)
at utils.Utility.dataFromExcel(Utility.java:39)
at utils.Utility.dataFromExcel(Utility.java:39)
at utils.Utility.dataFromExcel(Utility.java:39)
at utils.Utility.dataFromExcel(Utility.java:39)
at utils.Utility.dataFromExcel(Utility.java:39)
at utils.Utility.dataFromExcel(Utility.java:39)
at utils.Utility.dataFromExcel(Utility.java:39)
at utils.Utility.dataFromExcel(Utility.java:39)
at utils.Utility.dataFromExcel(Utility.java:39)
at utils.Utility.dataFromExcel(Utility.java:39)
at utils.Utility.dataFromExcel(Utility.java:39)
at utils.Utility.dataFromExcel(Utility.java:39)
at utils.Utility.dataFromExcel(Utility.java:39)
at utils.Utility.dataFromExcel(Utility.java:39)
at utils.Utility.dataFromExcel(Utility.java:39)
at utils.Utility.dataFromExcel(Utility.java:39)
at utils.Utility.dataFromExcel(Utility.java:39)
at utils.Utility.dataFromExcel(Utility.java:39)
at utils.Utility.dataFromExcel(Utility.java:39)
at utils.Utility.dataFromExcel(Utility.java:39)
at utils.Utility.dataFromExcel(Utility.java:39)
at utils.Utility.dataFromExcel(Utility.java:39)
at utils.Utility.dataFromExcel(Utility.java:39)
at utils.Utility.dataFromExcel(Utility.java:39)
at utils.Utility.dataFromExcel(Utility.java:39)
at utils.Utility.dataFromExcel(Utility.java:39)
at utils.Utility.dataFromExcel(Utility.java:39)
at utils.Utility.dataFromExcel(Utility.java:39)
at utils.Utility.dataFromExcel(Utility.java:39)
at utils.Utility.dataFromExcel(Utility.java:39)
at utils.Utility.dataFromExcel(Utility.java:39)
at utils.Utility.dataFromExcel(Utility.java:39)
at utils.Utility.dataFromExcel(Utility.java:39)
at utils.Utility.dataFromExcel(Utility.java:39)
at utils.Utility.dataFromExcel(Utility.java:39)
at utils.Utility.dataFromExcel(Utility.java:39)
at utils.Utility.dataFromExcel(Utility.java:39)
at utils.Utility.dataFromExcel(Utility.java:39)
at utils.Utility.dataFromExcel(Utility.java:39)
at utils.Utility.dataFromExcel(Utility.java:39)
at utils.Utility.dataFromExcel(Utility.java:39)
at utils.Utility.dataFromExcel(Utility.java:39)
at utils.Utility.dataFromExcel(Utility.java:39)
at utils.Utility.dataFromExcel(Utility.java:39)
at utils.Utility.dataFromExcel(Utility.java:39)
at utils.Utility.dataFromExcel(Utility.java:39)
at utils.Utility.dataFromExcel(Utility.java:39)
at utils.Utility.dataFromExcel(Utility.java:39)
at utils.Utility.dataFromExcel(Utility.java:39)
at utils.Utility.dataFromExcel(Utility.java:39)
at utils.Utility.dataFromExcel(Utility.java:39)
at utils.Utility.dataFromExcel(Utility.java:39)
at utils.Utility.dataFromExcel(Utility.java:39)
at utils.Utility.dataFromExcel(Utility.java:39)
at utils.Utility.dataFromExcel(Utility.java:39)
at utils.Utility.dataFromExcel(Utility.java:39)
at utils.Utility.dataFromExcel(Utility.java:39)
at utils.Utility.dataFromExcel(Utility.java:39)
at utils.Utility.dataFromExcel(Utility.java:39)
at utils.Utility.dataFromExcel(Utility.java:39)
at utils.Utility.dataFromExcel(Utility.java:39)
at utils.Utility.dataFromExcel(Utility.java:39)
at utils.Utility.dataFromExcel(Utility.java:39)
at utils.Utility.dataFromExcel(Utility.java:39)
at utils.Utility.dataFromExcel(Utility.java:39)
at utils.Utility.dataFromExcel(Utility.java:39)
at utils.Utility.dataFromExcel(Utility.java:39)
at utils.Utility.dataFromExcel(Utility.java:39)
at utils.Utility.dataFromExcel(Utility.java:39)
at utils.Utility.dataFromExcel(Utility.java:39)
at utils.Utility.dataFromExcel(Utility.java:39)
at utils.Utility.dataFromExcel(Utility.java:39)
at utils.Utility.dataFromExcel(Utility.java:39)
at utils.Utility.dataFromExcel(Utility.java:39)
at utils.Utility.dataFromExcel(Utility.java:39)
at utils.Utility.dataFromExcel(Utility.java:39)
at utils.Utility.dataFromExcel(Utility.java:39)
at utils.Utility.dataFromExcel(Utility.java:39)
at utils.Utility.dataFromExcel(Utility.java:39)
at utils.Utility.dataFromExcel(Utility.java:39)
at utils.Utility.dataFromExcel(Utility.java:39)
at utils.Utility.dataFromExcel(Utility.java:39)
at utils.Utility.dataFromExcel(Utility.java:39)
at utils.Utility.dataFromExcel(Utility.java:39)
at utils.Utility.dataFromExcel(Utility.java:39)
at utils.Utility.dataFromExcel(Utility.java:39)
at utils.Utility.dataFromExcel(Utility.java:39)
at utils.Utility.dataFromExcel(Utility.java:39)
at utils.Utility.dataFromExcel(Utility.java:39)
at utils.Utility.dataFromExcel(Utility.java:39)
at utils.Utility.dataFromExcel(Utility.java:39)
at utils.Utility.dataFromExcel(Utility.java:39)
at utils.Utility.dataFromExcel(Utility.java:39)
at utils.Utility.dataFromExcel(Utility.java:39)
at utils.Utility.dataFromExcel(Utility.java:39)
at utils.Utility.dataFromExcel(Utility.java:39)
at utils.Utility.dataFromExcel(Utility.java:39)
at utils.Utility.dataFromExcel(Utility.java:39)
at utils.Utility.dataFromExcel(Utility.java:39)
at utils.Utility.dataFromExcel(Utility.java:39)
at utils.Utility.dataFromExcel(Utility.java:39)
at utils.Utility.dataFromExcel(Utility.java:39)
at utils.Utility.dataFromExcel(Utility.java:39)
at utils.Utility.dataFromExcel(Utility.java:39)
at utils.Utility.dataFromExcel(Utility.java:39)
at utils.Utility.dataFromExcel(Utility.java:39)
at utils.Utility.dataFromExcel(Utility.java:39)
at utils.Utility.dataFromExcel(Utility.java:39)
at utils.Utility.dataFromExcel(Utility.java:39)
at utils.Utility.dataFromExcel(Utility.java:39)
at utils.Utility.dataFromExcel(Utility.java:39)
at utils.Utility.dataFromExcel(Utility.java:39)
at utils.Utility.dataFromExcel(Utility.java:39)
at utils.Utility.dataFromExcel(Utility.java:39)
at utils.Utility.dataFromExcel(Utility.java:39)
at utils.Utility.dataFromExcel(Utility.java:39)
at utils.Utility.dataFromExcel(Utility.java:39)
at utils.Utility.dataFromExcel(Utility.java:39)
at utils.Utility.dataFromExcel(Utility.java:39)
at utils.Utility.dataFromExcel(Utility.java:39)
at utils.Utility.dataFromExcel(Utility.java:39)
at utils.Utility.dataFromExcel(Utility.java:39)
at utils.Utility.dataFromExcel(Utility.java:39)
at utils.Utility.dataFromExcel(Utility.java:39)
at utils.Utility.dataFromExcel(Utility.java:39)
at utils.Utility.dataFromExcel(Utility.java:39)
at utils.Utility.dataFromExcel(Utility.java:39)
at utils.Utility.dataFromExcel(Utility.java:39)
at utils.Utility.dataFromExcel(Utility.java:39)
at utils.Utility.dataFromExcel(Utility.java:39)
at utils.Utility.dataFromExcel(Utility.java:39)
at utils.Utility.dataFromExcel(Utility.java:39)
at utils.Utility.dataFromExcel(Utility.java:39)
at utils.Utility.dataFromExcel(Utility.java:39)
at utils.Utility.dataFromExcel(Utility.java:39)
at utils.Utility.dataFromExcel(Utility.java:39)
at utils.Utility.dataFromExcel(Utility.java:39)
at utils.Utility.dataFromExcel(Utility.java:39)
at utils.Utility.dataFromExcel(Utility.java:39)
at utils.Utility.dataFromExcel(Utility.java:39)
at utils.Utility.dataFromExcel(Utility.java:39)
at utils.Utility.dataFromExcel(Utility.java:39)
at utils.Utility.dataFromExcel(Utility.java:39)
at utils.Utility.dataFromExcel(Utility.java:39)
at utils.Utility.dataFromExcel(Utility.java:39)
at utils.Utility.dataFromExcel(Utility.java:39)
at utils.Utility.dataFromExcel(Utility.java:39)
at utils.Utility.dataFromExcel(Utility.java:39)
at utils.Utility.dataFromExcel(Utility.java:39)
at utils.Utility.dataFromExcel(Utility.java:39)
at utils.Utility.dataFromExcel(Utility.java:39)
at utils.Utility.dataFromExcel(Utility.java:39)
at utils.Utility.dataFromExcel(Utility.java:39)
at utils.Utility.dataFromExcel(Utility.java:39)
at utils.Utility.dataFromExcel(Utility.java:39)
at utils.Utility.dataFromExcel(Utility.java:39)
at utils.Utility.dataFromExcel(Utility.java:39)
at utils.Utility.dataFromExcel(Utility.java:39)
at utils.Utility.dataFromExcel(Utility.java:39)
at utils.Utility.dataFromExcel(Utility.java:39)
at utils.Utility.dataFromExcel(Utility.java:39)
at utils.Utility.dataFromExcel(Utility.java:39)
at utils.Utility.dataFromExcel(Utility.java:39)
at utils.Utility.dataFromExcel(Utility.java:39)
at utils.Utility.dataFromExcel(Utility.java:39)
at utils.Utility.dataFromExcel(Utility.java:39)
at utils.Utility.dataFromExcel(Utility.java:39)
at utils.Utility.dataFromExcel(Utility.java:39)
at utils.Utility.dataFromExcel(Utility.java:39)
at utils.Utility.dataFromExcel(Utility.java:39)
at utils.Utility.dataFromExcel(Utility.java:39)
at utils.Utility.dataFromExcel(Utility.java:39)
at utils.Utility.dataFromExcel(Utility.java:39)
at utils.Utility.dataFromExcel(Utility.java:39)
at utils.Utility.dataFromExcel(Utility.java:39)
at utils.Utility.dataFromExcel(Utility.java:39)
at utils.Utility.dataFromExcel(Utility.java:39)
at utils.Utility.dataFromExcel(Utility.java:39)
at utils.Utility.dataFromExcel(Utility.java:39)
at utils.Utility.dataFromExcel(Utility.java:39)
at utils.Utility.dataFromExcel(Utility.java:39)
at utils.Utility.dataFromExcel(Utility.java:39)
at utils.Utility.dataFromExcel(Utility.java:39)
at utils.Utility.dataFromExcel(Utility.java:39)
at utils.Utility.dataFromExcel(Utility.java:39)
at utils.Utility.dataFromExcel(Utility.java:39)
at utils.Utility.dataFromExcel(Utility.java:39)
at utils.Utility.dataFromExcel(Utility.java:39)
at utils.Utility.dataFromExcel(Utility.java:39)
at utils.Utility.dataFromExcel(Utility.java:39)
at utils.Utility.dataFromExcel(Utility.java:39)
at utils.Utility.dataFromExcel(Utility.java:39)
at utils.Utility.dataFromExcel(Utility.java:39)
at utils.Utility.dataFromExcel(Utility.java:39)
at utils.Utility.dataFromExcel(Utility.java:39)
at utils.Utility.dataFromExcel(Utility.java:39)
at utils.Utility.dataFromExcel(Utility.java:39)
at utils.Utility.dataFromExcel(Utility.java:39)
at utils.Utility.dataFromExcel(Utility.java:39)
at utils.Utility.dataFromExcel(Utility.java:39)
at utils.Utility.dataFromExcel(Utility.java:39)
at utils.Utility.dataFromExcel(Utility.java:39)
at utils.Utility.dataFromExcel(Utility.java:39)
at utils.Utility.dataFromExcel(Utility.java:39)
at utils.Utility.dataFromExcel(Utility.java:39)
at utils.Utility.dataFromExcel(Utility.java:39)
at utils.Utility.dataFromExcel(Utility.java:39)
at utils.Utility.dataFromExcel(Utility.java:39)
at utils.Utility.dataFromExcel(Utility.java:39)
at utils.Utility.dataFromExcel(Utility.java:39)
at utils.Utility.dataFromExcel(Utility.java:39)
at utils.Utility.dataFromExcel(Utility.java:39)
at utils.Utility.dataFromExcel(Utility.java:39)
at utils.Utility.dataFromExcel(Utility.java:39)
at utils.Utility.dataFromExcel(Utility.java:39)
at utils.Utility.dataFromExcel(Utility.java:39)
at utils.Utility.dataFromExcel(Utility.java:39)
at utils.Utility.dataFromExcel(Utility.java:39)
at utils.Utility.dataFromExcel(Utility.java:39)
at utils.Utility.dataFromExcel(Utility.java:39)
at utils.Utility.dataFromExcel(Utility.java:39)
at utils.Utility.dataFromExcel(Utility.java:39)
at utils.Utility.dataFromExcel(Utility.java:39)
at utils.Utility.dataFromExcel(Utility.java:39)
at utils.Utility.dataFromExcel(Utility.java:39)
at utils.Utility.dataFromExcel(Utility.java:39)
at utils.Utility.dataFromExcel(Utility.java:39)
at utils.Utility.dataFromExcel(Utility.java:39)
at utils.Utility.dataFromExcel(Utility.java:39)
at utils.Utility.dataFromExcel(Utility.java:39)
at utils.Utility.dataFromExcel(Utility.java:39)
at utils.Utility.dataFromExcel(Utility.java:39)
at utils.Utility.dataFromExcel(Utility.java:39)
at utils.Utility.dataFromExcel(Utility.java:39)
at utils.Utility.dataFromExcel(Utility.java:39)
at utils.Utility.dataFromExcel(Utility.java:39)
at utils.Utility.dataFromExcel(Utility.java:39)
at utils.Utility.dataFromExcel(Utility.java:39)
at utils.Utility.dataFromExcel(Utility.java:39)
at utils.Utility.dataFromExcel(Utility.java:39)
at utils.Utility.dataFromExcel(Utility.java:39)
at utils.Utility.dataFromExcel(Utility.java:39)
at utils.Utility.dataFromExcel(Utility.java:39)
at utils.Utility.dataFromExcel(Utility.java:39)
at utils.Utility.dataFromExcel(Utility.java:39)
at utils.Utility.dataFromExcel(Utility.java:39)
at utils.Utility.dataFromExcel(Utility.java:39)
at utils.Utility.dataFromExcel(Utility.java:39)
at utils.Utility.dataFromExcel(Utility.java:39)
at utils.Utility.dataFromExcel(Utility.java:39)
at utils.Utility.dataFromExcel(Utility.java:39)
at utils.Utility.dataFromExcel(Utility.java:39)
at utils.Utility.dataFromExcel(Utility.java:39)
at utils.Utility.dataFromExcel(Utility.java:39)
at utils.Utility.dataFromExcel(Utility.java:39)
at utils.Utility.dataFromExcel(Utility.java:39)
at utils.Utility.dataFromExcel(Utility.java:39)
at utils.Utility.dataFromExcel(Utility.java:39)
at utils.Utility.dataFromExcel(Utility.java:39)
at utils.Utility.dataFromExcel(Utility.java:39)
at utils.Utility.dataFromExcel(Utility.java:39)
at utils.Utility.dataFromExcel(Utility.java:39)
at utils.Utility.dataFromExcel(Utility.java:39)
at utils.Utility.dataFromExcel(Utility.java:39)
at utils.Utility.dataFromExcel(Utility.java:39)
at utils.Utility.dataFromExcel(Utility.java:39)
at utils.Utility.dataFromExcel(Utility.java:39)
at utils.Utility.dataFromExcel(Utility.java:39)
at utils.Utility.dataFromExcel(Utility.java:39)
at utils.Utility.dataFromExcel(Utility.java:39)
at utils.Utility.dataFromExcel(Utility.java:39)
at utils.Utility.dataFromExcel(Utility.java:39)
at utils.Utility.dataFromExcel(Utility.java:39)
at utils.Utility.dataFromExcel(Utility.java:39)
at utils.Utility.dataFromExcel(Utility.java:39)
at utils.Utility.dataFromExcel(Utility.java:39)
at utils.Utility.dataFromExcel(Utility.java:39)
at utils.Utility.dataFromExcel(Utility.java:39)
at utils.Utility.dataFromExcel(Utility.java:39)
at utils.Utility.dataFromExcel(Utility.java:39)
at utils.Utility.dataFromExcel(Utility.java:39)
at utils.Utility.dataFromExcel(Utility.java:39)
at utils.Utility.dataFromExcel(Utility.java:39)
at utils.Utility.dataFromExcel(Utility.java:39)
at utils.Utility.dataFromExcel(Utility.java:39)
at utils.Utility.dataFromExcel(Utility.java:39)
at utils.Utility.dataFromExcel(Utility.java:39)
at utils.Utility.dataFromExcel(Utility.java:39)
at utils.Utility.dataFromExcel(Utility.java:39)
at utils.Utility.dataFromExcel(Utility.java:39)
at utils.Utility.dataFromExcel(Utility.java:39)
at utils.Utility.dataFromExcel(Utility.java:39)
at utils.Utility.dataFromExcel(Utility.java:39)
at utils.Utility.dataFromExcel(Utility.java:39)
at utils.Utility.dataFromExcel(Utility.java:39)
at utils.Utility.dataFromExcel(Utility.java:39)
at utils.Utility.dataFromExcel(Utility.java:39)
at utils.Utility.dataFromExcel(Utility.java:39)
at utils.Utility.dataFromExcel(Utility.java:39)
at utils.Utility.dataFromExcel(Utility.java:39)
at utils.Utility.dataFromExcel(Utility.java:39)
at utils.Utility.dataFromExcel(Utility.java:39)
at utils.Utility.dataFromExcel(Utility.java:39)
at utils.Utility.dataFromExcel(Utility.java:39)
at utils.Utility.dataFromExcel(Utility.java:39)
at utils.Utility.dataFromExcel(Utility.java:39)
at utils.Utility.dataFromExcel(Utility.java:39)
at utils.Utility.dataFromExcel(Utility.java:39)
at utils.Utility.dataFromExcel(Utility.java:39)
at utils.Utility.dataFromExcel(Utility.java:39)
at utils.Utility.dataFromExcel(Utility.java:39)
at utils.Utility.dataFromExcel(Utility.java:39)
at utils.Utility.dataFromExcel(Utility.java:39)
at utils.Utility.dataFromExcel(Utility.java:39)
at utils.Utility.dataFromExcel(Utility.java:39)
at utils.Utility.dataFromExcel(Utility.java:39)
at utils.Utility.dataFromExcel(Utility.java:39)
at utils.Utility.dataFromExcel(Utility.java:39)
at utils.Utility.dataFromExcel(Utility.java:39)
at utils.Utility.dataFromExcel(Utility.java:39)
at utils.Utility.dataFromExcel(Utility.java:39)
at utils.Utility.dataFromExcel(Utility.java:39)
at utils.Utility.dataFromExcel(Utility.java:39)
at utils.Utility.dataFromExcel(Utility.java:39)
at utils.Utility.dataFromExcel(Utility.java:39)
at utils.Utility.dataFromExcel(Utility.java:39)
at utils.Utility.dataFromExcel(Utility.java:39)
at utils.Utility.dataFromExcel(Utility.java:39)
at utils.Utility.dataFromExcel(Utility.java:39)
at utils.Utility.dataFromExcel(Utility.java:39)
at utils.Utility.dataFromExcel(Utility.java:39)
at utils.Utility.dataFromExcel(Utility.java:39)
at utils.Utility.dataFromExcel(Utility.java:39)
at utils.Utility.dataFromExcel(Utility.java:39)
at utils.Utility.dataFromExcel(Utility.java:39)
at utils.Utility.dataFromExcel(Utility.java:39)
at utils.Utility.dataFromExcel(Utility.java:39)
at utils.Utility.dataFromExcel(Utility.java:39)
at utils.Utility.dataFromExcel(Utility.java:39)
at utils.Utility.dataFromExcel(Utility.java:39)
at utils.Utility.dataFromExcel(Utility.java:39)
at utils.Utility.dataFromExcel(Utility.java:39)
at utils.Utility.dataFromExcel(Utility.java:39)
at utils.Utility.dataFromExcel(Utility.java:39)
at utils.Utility.dataFromExcel(Utility.java:39)
at utils.Utility.dataFromExcel(Utility.java:39)
at utils.Utility.dataFromExcel(Utility.java:39)
at utils.Utility.dataFromExcel(Utility.java:39)
at utils.Utility.dataFromExcel(Utility.java:39)
at utils.Utility.dataFromExcel(Utility.java:39)
at utils.Utility.dataFromExcel(Utility.java:39)
at utils.Utility.dataFromExcel(Utility.java:39)
at utils.Utility.dataFromExcel(Utility.java:39)
at utils.Utility.dataFromExcel(Utility.java:39)
at utils.Utility.dataFromExcel(Utility.java:39)
at utils.Utility.dataFromExcel(Utility.java:39)
at utils.Utility.dataFromExcel(Utility.java:39)
at utils.Utility.dataFromExcel(Utility.java:39)
at utils.Utility.dataFromExcel(Utility.java:39)
at utils.Utility.dataFromExcel(Utility.java:39)
at utils.Utility.dataFromExcel(Utility.java:39)
at utils.Utility.dataFromExcel(Utility.java:39)
at utils.Utility.dataFromExcel(Utility.java:39)
at utils.Utility.dataFromExcel(Utility.java:39)
at utils.Utility.dataFromExcel(Utility.java:39)
at utils.Utility.dataFromExcel(Utility.java:39)
at utils.Utility.dataFromExcel(Utility.java:39)
at utils.Utility.dataFromExcel(Utility.java:39)
at utils.Utility.dataFromExcel(Utility.java:39)
at utils.Utility.dataFromExcel(Utility.java:39)
at utils.Utility.dataFromExcel(Utility.java:39)
at utils.Utility.dataFromExcel(Utility.java:39)
at utils.Utility.dataFromExcel(Utility.java:39)
at utils.Utility.dataFromExcel(Utility.java:39)
at utils.Utility.dataFromExcel(Utility.java:39)
at utils.Utility.dataFromExcel(Utility.java:39)
at utils.Utility.dataFromExcel(Utility.java:39)
at utils.Utility.dataFromExcel(Utility.java:39)
at utils.Utility.dataFromExcel(Utility.java:39)
at utils.Utility.dataFromExcel(Utility.java:39)
at utils.Utility.dataFromExcel(Utility.java:39)
at utils.Utility.dataFromExcel(Utility.java:39)
at utils.Utility.dataFromExcel(Utility.java:39)
at utils.Utility.dataFromExcel(Utility.java:39)
at utils.Utility.dataFromExcel(Utility.java:39)
at utils.Utility.dataFromExcel(Utility.java:39)
at utils.Utility.dataFromExcel(Utility.java:39)
at utils.Utility.dataFromExcel(Utility.java:39)
at utils.Utility.dataFromExcel(Utility.java:39)
at utils.Utility.dataFromExcel(Utility.java:39)
at utils.Utility.dataFromExcel(Utility.java:39)
at utils.Utility.dataFromExcel(Utility.java:39)
at utils.Utility.dataFromExcel(Utility.java:39)
at utils.Utility.dataFromExcel(Utility.java:39)
at utils.Utility.dataFromExcel(Utility.java:39)
at utils.Utility.dataFromExcel(Utility.java:39)
at utils.Utility.dataFromExcel(Utility.java:39)
at utils.Utility.dataFromExcel(Utility.java:39)
at utils.Utility.dataFromExcel(Utility.java:39)
at utils.Utility.dataFromExcel(Utility.java:39)
at utils.Utility.dataFromExcel(Utility.java:39)
at utils.Utility.dataFromExcel(Utility.java:39)
at utils.Utility.dataFromExcel(Utility.java:39)
at utils.Utility.dataFromExcel(Utility.java:39)
at utils.Utility.dataFromExcel(Utility.java:39)
at utils.Utility.dataFromExcel(Utility.java:39)
at utils.Utility.dataFromExcel(Utility.java:39)
at utils.Utility.dataFromExcel(Utility.java:39)
at utils.Utility.dataFromExcel(Utility.java:39)
at utils.Utility.dataFromExcel(Utility.java:39)
at utils.Utility.dataFromExcel(Utility.java:39)
at utils.Utility.dataFromExcel(Utility.java:39)
at utils.Utility.dataFromExcel(Utility.java:39)
at utils.Utility.dataFromExcel(Utility.java:39)
at utils.Utility.dataFromExcel(Utility.java:39)
at utils.Utility.dataFromExcel(Utility.java:39)
at utils.Utility.dataFromExcel(Utility.java:39)
at utils.Utility.dataFromExcel(Utility.java:39)
at utils.Utility.dataFromExcel(Utility.java:39)
at utils.Utility.dataFromExcel(Utility.java:39)
at utils.Utility.dataFromExcel(Utility.java:39)
at utils.Utility.dataFromExcel(Utility.java:39)
at utils.Utility.dataFromExcel(Utility.java:39)
at utils.Utility.dataFromExcel(Utility.java:39)
at utils.Utility.dataFromExcel(Utility.java:39)
at utils.Utility.dataFromExcel(Utility.java:39)
at utils.Utility.dataFromExcel(Utility.java:39)
at utils.Utility.dataFromExcel(Utility.java:39)
at utils.Utility.dataFromExcel(Utility.java:39)
at utils.Utility.dataFromExcel(Utility.java:39)
at utils.Utility.dataFromExcel(Utility.java:39)
at utils.Utility.dataFromExcel(Utility.java:39)
at utils.Utility.dataFromExcel(Utility.java:39)
at utils.Utility.dataFromExcel(Utility.java:39)
at utils.Utility.dataFromExcel(Utility.java:39)
at utils.Utility.dataFromExcel(Utility.java:39)
at utils.Utility.dataFromExcel(Utility.java:39)
at utils.Utility.dataFromExcel(Utility.java:39)
at utils.Utility.dataFromExcel(Utility.java:39)
at utils.Utility.dataFromExcel(Utility.java:39)
at utils.Utility.dataFromExcel(Utility.java:39)
at utils.Utility.dataFromExcel(Utility.java:39)
at utils.Utility.dataFromExcel(Utility.java:39)
at utils.Utility.dataFromExcel(Utility.java:39)
at utils.Utility.dataFromExcel(Utility.java:39)
at utils.Utility.dataFromExcel(Utility.java:39)
at utils.Utility.dataFromExcel(Utility.java:39)
at utils.Utility.dataFromExcel(Utility.java:39)
at utils.Utility.dataFromExcel(Utility.java:39)
at utils.Utility.dataFromExcel(Utility.java:39)
at utils.Utility.dataFromExcel(Utility.java:39)
at utils.Utility.dataFromExcel(Utility.java:39)
at utils.Utility.dataFromExcel(Utility.java:39)
at utils.Utility.dataFromExcel(Utility.java:39)
at utils.Utility.dataFromExcel(Utility.java:39)
at utils.Utility.dataFromExcel(Utility.java:39)
at utils.Utility.dataFromExcel(Utility.java:39)
at utils.Utility.dataFromExcel(Utility.java:39)
at utils.Utility.dataFromExcel(Utility.java:39)
at utils.Utility.dataFromExcel(Utility.java:39)
at utils.Utility.dataFromExcel(Utility.java:39)
at utils.Utility.dataFromExcel(Utility.java:39)
at utils.Utility.dataFromExcel(Utility.java:39)
at utils.Utility.dataFromExcel(Utility.java:39)
at utils.Utility.dataFromExcel(Utility.java:39)
at utils.Utility.dataFromExcel(Utility.java:39)
at utils.Utility.dataFromExcel(Utility.java:39)
at utils.Utility.dataFromExcel(Utility.java:39)
at utils.Utility.dataFromExcel(Utility.java:39)
at utils.Utility.dataFromExcel(Utility.java:39)
at utils.Utility.dataFromExcel(Utility.java:39)
at utils.Utility.dataFromExcel(Utility.java:39)
at utils.Utility.dataFromExcel(Utility.java:39)
at utils.Utility.dataFromExcel(Utility.java:39)
at utils.Utility.dataFromExcel(Utility.java:39)
at utils.Utility.dataFromExcel(Utility.java:39)
at utils.Utility.dataFromExcel(Utility.java:39)
at utils.Utility.dataFromExcel(Utility.java:39)
at utils.Utility.dataFromExcel(Utility.java:39)
at utils.Utility.dataFromExcel(Utility.java:39)
at utils.Utility.dataFromExcel(Utility.java:39)
at utils.Utility.dataFromExcel(Utility.java:39)
at utils.Utility.dataFromExcel(Utility.java:39)
at utils.Utility.dataFromExcel(Utility.java:39)
at utils.Utility.dataFromExcel(Utility.java:39)
at utils.Utility.dataFromExcel(Utility.java:39)
at utils.Utility.dataFromExcel(Utility.java:39)
at utils.Utility.dataFromExcel(Utility.java:39)
at utils.Utility.dataFromExcel(Utility.java:39)
at utils.Utility.dataFromExcel(Utility.java:39)
at utils.Utility.dataFromExcel(Utility.java:39)
at utils.Utility.dataFromExcel(Utility.java:39)
at utils.Utility.dataFromExcel(Utility.java:39)
at utils.Utility.dataFromExcel(Utility.java:39)
at utils.Utility.dataFromExcel(Utility.java:39)
at utils.Utility.dataFromExcel(Utility.java:39)
at utils.Utility.dataFromExcel(Utility.java:39)
at utils.Utility.dataFromExcel(Utility.java:39)
at utils.Utility.dataFromExcel(Utility.java:39)
at utils.Utility.dataFromExcel(Utility.java:39)
at utils.Utility.dataFromExcel(Utility.java:39)
at utils.Utility.dataFromExcel(Utility.java:39)
at utils.Utility.dataFromExcel(Utility.java:39)
at utils.Utility.dataFromExcel(Utility.java:39)
at utils.Utility.dataFromExcel(Utility.java:39)
at utils.Utility.dataFromExcel(Utility.java:39)
at utils.Utility.dataFromExcel(Utility.java:39)
at utils.Utility.dataFromExcel(Utility.java:39)
at utils.Utility.dataFromExcel(Utility.java:39)
at utils.Utility.dataFromExcel(Utility.java:39)
at utils.Utility.dataFromExcel(Utility.java:39)
at utils.Utility.dataFromExcel(Utility.java:39)
at utils.Utility.dataFromExcel(Utility.java:39)
at utils.Utility.dataFromExcel(Utility.java:39)
at utils.Utility.dataFromExcel(Utility.java:39)
at utils.Utility.dataFromExcel(Utility.java:39)
at utils.Utility.dataFromExcel(Utility.java:39)
at utils.Utility.dataFromExcel(Utility.java:39)
at utils.Utility.dataFromExcel(Utility.java:39)
at utils.Utility.dataFromExcel(Utility.java:39)
at utils.Utility.dataFromExcel(Utility.java:39)
at utils.Utility.dataFromExcel(Utility.java:39)
at utils.Utility.dataFromExcel(Utility.java:39)
at utils.Utility.dataFromExcel(Utility.java:39)
at utils.Utility.dataFromExcel(Utility.java:39)
at utils.Utility.dataFromExcel(Utility.java:39)
at utils.Utility.dataFromExcel(Utility.java:39)
at utils.Utility.dataFromExcel(Utility.java:39)
at utils.Utility.dataFromExcel(Utility.java:39)
at utils.Utility.dataFromExcel(Utility.java:39)
at utils.Utility.dataFromExcel(Utility.java:39)
at utils.Utility.dataFromExcel(Utility.java:39)
at utils.Utility.dataFromExcel(Utility.java:39)
at utils.Utility.dataFromExcel(Utility.java:39)
at utils.Utility.dataFromExcel(Utility.java:39)
at utils.Utility.dataFromExcel(Utility.java:39)
at utils.Utility.dataFromExcel(Utility.java:39)
at utils.Utility.dataFromExcel(Utility.java:39)
at utils.Utility.dataFromExcel(Utility.java:39)
at utils.Utility.dataFromExcel(Utility.java:39)
at utils.Utility.dataFromExcel(Utility.java:39)
at utils.Utility.dataFromExcel(Utility.java:39)
at utils.Utility.dataFromExcel(Utility.java:39)
at utils.Utility.dataFromExcel(Utility.java:39)
at utils.Utility.dataFromExcel(Utility.java:39)
at utils.Utility.dataFromExcel(Utility.java:39)
at utils.Utility.dataFromExcel(Utility.java:39)
at utils.Utility.dataFromExcel(Utility.java:39)
at utils.Utility.dataFromExcel(Utility.java:39)
at utils.Utility.dataFromExcel(Utility.java:39)
at utils.Utility.dataFromExcel(Utility.java:39)
at utils.Utility.dataFromExcel(Utility.java:39)
at utils.Utility.dataFromExcel(Utility.java:39)
at utils.Utility.dataFromExcel(Utility.java:39)
at utils.Utility.dataFromExcel(Utility.java:39)
at utils.Utility.dataFromExcel(Utility.java:39)
at utils.Utility.dataFromExcel(Utility.java:39)
at utils.Utility.dataFromExcel(Utility.java:39)
at utils.Utility.dataFromExcel(Utility.java:39)
at utils.Utility.dataFromExcel(Utility.java:39)
at utils.Utility.dataFromExcel(Utility.java:39)
at utils.Utility.dataFromExcel(Utility.java:39)
at utils.Utility.dataFromExcel(Utility.java:39)
at utils.Utility.dataFromExcel(Utility.java:39)
at utils.Utility.dataFromExcel(Utility.java:39)
at utils.Utility.dataFromExcel(Utility.java:39)
at utils.Utility.dataFromExcel(Utility.java:39)
at utils.Utility.dataFromExcel(Utility.java:39)
at utils.Utility.dataFromExcel(Utility.java:39)
at utils.Utility.dataFromExcel(Utility.java:39)
at utils.Utility.dataFromExcel(Utility.java:39)
at utils.Utility.dataFromExcel(Utility.java:39)
at utils.Utility.dataFromExcel(Utility.java:39)
at utils.Utility.dataFromExcel(Utility.java:39)
at utils.Utility.dataFromExcel(Utility.java:39)
]]>
    </failure>
  </testcase> <!-- @BeforeMethod logInApplication -->
  <testcase classname="m_flipcart.tests" name="@AfterMethod logout" time="-1.646462689516E9">
    <skipped/>
  </testcase> <!-- @AfterMethod logout -->
  <testcase classname="m_flipcart.tests" name="@BeforeMethod logInApplication" time="-1.646462689521E9">
    <skipped/>
  </testcase> <!-- @BeforeMethod logInApplication -->
  <testcase classname="m_flipcart.tests" name="@AfterMethod logout" time="-1.646462689544E9">
    <skipped/>
  </testcase> <!-- @AfterMethod logout -->
  <testcase classname="m_flipcart.tests" name="@AfterClass closeBrowser" time="-1.64646268955E9">
    <skipped/>
  </testcase> <!-- @AfterClass closeBrowser -->
  <testcase classname="m_flipcart.tests" name="addDelete" time="0.0">
    <skipped/>
  </testcase> <!-- addDelete -->
  <testcase classname="m_flipcart.tests" name="remove" time="0.0">
    <skipped/>
  </testcase> <!-- remove -->
  <testcase classname="m_flipcart.randomTest" name="Tests" time="0.001"/>
</testsuite> <!-- ChromeTest -->
