<?xml version="1.0" encoding="UTF-8"?>
<!-- Generated by org.testng.reporters.JUnitXMLReporter -->
<testsuite ignored="0" hostname="DESKTOP-3PLUTEV" failures="0" tests="3" name="FirefoxTest" time="111.877" errors="0" timestamp="2022-03-05T10:26:16 IST">
  <testcase classname="m_flipcart.randomTest" name="Tests" time="0.001"/>
  <testcase classname="m_flipcart.tests" name="addDelete" time="24.125"/>
  <testcase classname="m_flipcart.tests" name="remove" time="7.845"/>
</testsuite> <!-- FirefoxTest -->
