<?xml version="1.0" encoding="UTF-8"?>
<!-- Generated by org.testng.reporters.JUnitXMLReporter -->
<testsuite ignored="0" hostname="DESKTOP-3PLUTEV" failures="0" tests="3" name="OperaTest" time="77.514" errors="0" timestamp="2022-03-10T10:04:35 IST">
  <testcase classname="m_flipcart.randomTest" name="Tests" time="0.001"/>
  <testcase classname="m_flipcart.tests" name="addDelete" time="21.301"/>
  <testcase classname="m_flipcart.tests" name="remove" time="6.203"/>
</testsuite> <!-- OperaTest -->
