<?xml version="1.0" encoding="UTF-8"?>
<!-- Generated by org.testng.reporters.JUnitXMLReporter -->
<testsuite ignored="0" hostname="DESKTOP-3PLUTEV" failures="0" tests="3" name="Test" time="0.07" errors="0" timestamp="2022-03-03T11:57:58 IST">
  <testcase classname="m_flipcart.tests" name="@BeforeTest launchBrowser" time="-1.64628887793E9">
    <failure type="org.testng.TestNGException" message="
Can inject only one of &amp;lt;ITestContext, XmlTest&amp;gt; into a @BeforeTest annotated launchBrowser.
For more information on native dependency injection please refer to https://testng.org/doc/documentation-main.html#native-dependency-injection">
      <![CDATA[org.testng.TestNGException: 
Can inject only one of <ITestContext, XmlTest> into a @BeforeTest annotated launchBrowser.
For more information on native dependency injection please refer to https://testng.org/doc/documentation-main.html#native-dependency-injection
... Removed 21 stack frames]]>
    </failure>
  </testcase> <!-- @BeforeTest launchBrowser -->
  <testcase classname="m_flipcart.tests" name="@BeforeClass launchBrowser" time="-1.646288877958E9">
    <skipped/>
  </testcase> <!-- @BeforeClass launchBrowser -->
  <testcase classname="m_flipcart.tests" name="@BeforeMethod logInApplication" time="-1.646288877974E9">
    <skipped/>
  </testcase> <!-- @BeforeMethod logInApplication -->
  <testcase classname="m_flipcart.tests" name="@AfterMethod logout" time="-1.64628887798E9">
    <skipped/>
  </testcase> <!-- @AfterMethod logout -->
  <testcase classname="m_flipcart.tests" name="@BeforeMethod logInApplication" time="-1.646288877981E9">
    <skipped/>
  </testcase> <!-- @BeforeMethod logInApplication -->
  <testcase classname="m_flipcart.tests" name="@AfterMethod logout" time="-1.646288877985E9">
    <skipped/>
  </testcase> <!-- @AfterMethod logout -->
  <testcase classname="m_flipcart.tests" name="@AfterClass closeBrowser" time="-1.646288877987E9">
    <skipped/>
  </testcase> <!-- @AfterClass closeBrowser -->
  <testcase classname="m_flipcart.randomTest" name="@BeforeClass beforeClass" time="-1.64628887799E9">
    <skipped/>
  </testcase> <!-- @BeforeClass beforeClass -->
  <testcase classname="m_flipcart.randomTest" name="@BeforeMethod beforeclass" time="-1.646288877991E9">
    <skipped/>
  </testcase> <!-- @BeforeMethod beforeclass -->
  <testcase classname="m_flipcart.randomTest" name="@AfterMethod afterMethod" time="-1.646288877994E9">
    <skipped/>
  </testcase> <!-- @AfterMethod afterMethod -->
  <testcase classname="m_flipcart.randomTest" name="@AfterClass AfterClasss" time="-1.646288877995E9">
    <skipped/>
  </testcase> <!-- @AfterClass AfterClasss -->
  <testcase classname="m_flipcart.tests" name="addDelete" time="0.0">
    <skipped/>
  </testcase> <!-- addDelete -->
  <testcase classname="m_flipcart.tests" name="remove" time="0.0">
    <skipped/>
  </testcase> <!-- remove -->
  <testcase classname="m_flipcart.randomTest" name="Tests" time="0.0">
    <skipped/>
  </testcase> <!-- Tests -->
</testsuite> <!-- Test -->
