<?xml version="1.0" encoding="UTF-8"?>
<testng-results ignored="0" total="9" passed="9" failed="0" skipped="0">
  <reporter-output>
  </reporter-output>
  <suite started-at="2022-03-05T10:21:35 IST" name="Suite" finished-at="2022-03-05T10:26:16 IST" duration-ms="281298">
    <groups>
    </groups>
    <test started-at="2022-03-05T10:21:35 IST" name="OperaTest" finished-at="2022-03-05T10:22:51 IST" duration-ms="76024">
      <class name="m_flipcart.tests">
        <test-method is-config="true" signature="launchBrowser(java.lang.String)[pri:0, instance:m_flipcart.tests@636be97c]" started-at="2022-03-05T10:21:35 IST" name="launchBrowser" finished-at="2022-03-05T10:21:38 IST" duration-ms="3059" status="PASS">
          <params>
            <param index="0">
              <value>
                <![CDATA[Opera]]>
              </value>
            </param>
          </params>
          <reporter-output>
          </reporter-output>
        </test-method> <!-- launchBrowser -->
        <test-method is-config="true" signature="launchBrowser()[pri:0, instance:m_flipcart.tests@636be97c]" started-at="2022-03-05T10:21:38 IST" name="launchBrowser" finished-at="2022-03-05T10:21:38 IST" duration-ms="0" status="PASS">
          <reporter-output>
          </reporter-output>
        </test-method> <!-- launchBrowser -->
        <test-method is-config="true" signature="logInApplication()[pri:0, instance:m_flipcart.tests@636be97c]" started-at="2022-03-05T10:21:38 IST" name="logInApplication" finished-at="2022-03-05T10:21:56 IST" duration-ms="18021" status="PASS">
          <reporter-output>
          </reporter-output>
        </test-method> <!-- logInApplication -->
        <test-method signature="addDelete()[pri:0, instance:m_flipcart.tests@636be97c]" started-at="2022-03-05T10:21:56 IST" name="addDelete" finished-at="2022-03-05T10:22:17 IST" duration-ms="21535" status="PASS">
          <reporter-output>
          </reporter-output>
        </test-method> <!-- addDelete -->
        <test-method is-config="true" signature="logout()[pri:0, instance:m_flipcart.tests@636be97c]" started-at="2022-03-05T10:22:17 IST" name="logout" finished-at="2022-03-05T10:22:23 IST" duration-ms="6173" status="PASS">
          <reporter-output>
          </reporter-output>
        </test-method> <!-- logout -->
        <test-method is-config="true" signature="logInApplication()[pri:0, instance:m_flipcart.tests@636be97c]" started-at="2022-03-05T10:22:23 IST" name="logInApplication" finished-at="2022-03-05T10:22:37 IST" duration-ms="13877" status="PASS">
          <reporter-output>
          </reporter-output>
        </test-method> <!-- logInApplication -->
        <test-method signature="remove()[pri:0, instance:m_flipcart.tests@636be97c]" started-at="2022-03-05T10:22:37 IST" name="remove" finished-at="2022-03-05T10:22:44 IST" duration-ms="6343" status="PASS">
          <reporter-output>
          </reporter-output>
        </test-method> <!-- remove -->
        <test-method is-config="true" signature="logout()[pri:0, instance:m_flipcart.tests@636be97c]" started-at="2022-03-05T10:22:44 IST" name="logout" finished-at="2022-03-05T10:22:50 IST" duration-ms="6173" status="PASS">
          <reporter-output>
          </reporter-output>
        </test-method> <!-- logout -->
        <test-method is-config="true" signature="closeBrowser()[pri:0, instance:m_flipcart.tests@636be97c]" started-at="2022-03-05T10:22:50 IST" name="closeBrowser" finished-at="2022-03-05T10:22:51 IST" duration-ms="800" status="PASS">
          <reporter-output>
          </reporter-output>
        </test-method> <!-- closeBrowser -->
      </class> <!-- m_flipcart.tests -->
      <class name="m_flipcart.randomTest">
        <test-method is-config="true" signature="beforeClass()[pri:0, instance:m_flipcart.randomTest@4facf68f]" started-at="2022-03-05T10:21:38 IST" name="beforeClass" finished-at="2022-03-05T10:21:38 IST" duration-ms="0" status="PASS">
          <reporter-output>
          </reporter-output>
        </test-method> <!-- beforeClass -->
        <test-method is-config="true" signature="beforeclass()[pri:0, instance:m_flipcart.randomTest@4facf68f]" started-at="2022-03-05T10:21:38 IST" name="beforeclass" finished-at="2022-03-05T10:21:38 IST" duration-ms="0" status="PASS">
          <reporter-output>
          </reporter-output>
        </test-method> <!-- beforeclass -->
        <test-method signature="Tests()[pri:0, instance:m_flipcart.randomTest@4facf68f]" started-at="2022-03-05T10:21:38 IST" name="Tests" finished-at="2022-03-05T10:21:38 IST" duration-ms="7" status="PASS">
          <reporter-output>
          </reporter-output>
        </test-method> <!-- Tests -->
        <test-method is-config="true" signature="afterMethod()[pri:0, instance:m_flipcart.randomTest@4facf68f]" started-at="2022-03-05T10:21:38 IST" name="afterMethod" finished-at="2022-03-05T10:21:38 IST" duration-ms="0" status="PASS">
          <reporter-output>
          </reporter-output>
        </test-method> <!-- afterMethod -->
        <test-method is-config="true" signature="AfterClasss()[pri:0, instance:m_flipcart.randomTest@4facf68f]" started-at="2022-03-05T10:21:38 IST" name="AfterClasss" finished-at="2022-03-05T10:21:38 IST" duration-ms="0" status="PASS">
          <reporter-output>
          </reporter-output>
        </test-method> <!-- AfterClasss -->
      </class> <!-- m_flipcart.randomTest -->
    </test> <!-- OperaTest -->
    <test started-at="2022-03-05T10:22:51 IST" name="ChromeTest" finished-at="2022-03-05T10:24:24 IST" duration-ms="93208">
      <class name="m_flipcart.tests">
        <test-method is-config="true" signature="launchBrowser(java.lang.String)[pri:0, instance:m_flipcart.tests@6c80d78a]" started-at="2022-03-05T10:22:51 IST" name="launchBrowser" finished-at="2022-03-05T10:22:58 IST" duration-ms="6881" status="PASS">
          <params>
            <param index="0">
              <value>
                <![CDATA[Chrome]]>
              </value>
            </param>
          </params>
          <reporter-output>
          </reporter-output>
        </test-method> <!-- launchBrowser -->
        <test-method is-config="true" signature="logInApplication()[pri:0, instance:m_flipcart.tests@6c80d78a]" started-at="2022-03-05T10:22:58 IST" name="logInApplication" finished-at="2022-03-05T10:23:16 IST" duration-ms="18083" status="PASS">
          <reporter-output>
          </reporter-output>
        </test-method> <!-- logInApplication -->
        <test-method is-config="true" signature="launchBrowser()[pri:0, instance:m_flipcart.tests@6c80d78a]" started-at="2022-03-05T10:22:58 IST" name="launchBrowser" finished-at="2022-03-05T10:22:58 IST" duration-ms="0" status="PASS">
          <reporter-output>
          </reporter-output>
        </test-method> <!-- launchBrowser -->
        <test-method signature="addDelete()[pri:0, instance:m_flipcart.tests@6c80d78a]" started-at="2022-03-05T10:23:16 IST" name="addDelete" finished-at="2022-03-05T10:23:50 IST" duration-ms="34545" status="PASS">
          <reporter-output>
          </reporter-output>
        </test-method> <!-- addDelete -->
        <test-method is-config="true" signature="logout()[pri:0, instance:m_flipcart.tests@6c80d78a]" started-at="2022-03-05T10:23:50 IST" name="logout" finished-at="2022-03-05T10:23:57 IST" duration-ms="6335" status="PASS">
          <reporter-output>
          </reporter-output>
        </test-method> <!-- logout -->
        <test-method is-config="true" signature="logInApplication()[pri:0, instance:m_flipcart.tests@6c80d78a]" started-at="2022-03-05T10:23:57 IST" name="logInApplication" finished-at="2022-03-05T10:24:11 IST" duration-ms="13927" status="PASS">
          <reporter-output>
          </reporter-output>
        </test-method> <!-- logInApplication -->
        <test-method signature="remove()[pri:0, instance:m_flipcart.tests@6c80d78a]" started-at="2022-03-05T10:24:11 IST" name="remove" finished-at="2022-03-05T10:24:17 IST" duration-ms="6401" status="PASS">
          <reporter-output>
          </reporter-output>
        </test-method> <!-- remove -->
        <test-method is-config="true" signature="logout()[pri:0, instance:m_flipcart.tests@6c80d78a]" started-at="2022-03-05T10:24:17 IST" name="logout" finished-at="2022-03-05T10:24:23 IST" duration-ms="6418" status="PASS">
          <reporter-output>
          </reporter-output>
        </test-method> <!-- logout -->
        <test-method is-config="true" signature="closeBrowser()[pri:0, instance:m_flipcart.tests@6c80d78a]" started-at="2022-03-05T10:24:23 IST" name="closeBrowser" finished-at="2022-03-05T10:24:24 IST" duration-ms="614" status="PASS">
          <reporter-output>
          </reporter-output>
        </test-method> <!-- closeBrowser -->
      </class> <!-- m_flipcart.tests -->
      <class name="m_flipcart.randomTest">
        <test-method is-config="true" signature="beforeclass()[pri:0, instance:m_flipcart.randomTest@62150f9e]" started-at="2022-03-05T10:22:58 IST" name="beforeclass" finished-at="2022-03-05T10:22:58 IST" duration-ms="0" status="PASS">
          <reporter-output>
          </reporter-output>
        </test-method> <!-- beforeclass -->
        <test-method signature="Tests()[pri:0, instance:m_flipcart.randomTest@62150f9e]" started-at="2022-03-05T10:22:58 IST" name="Tests" finished-at="2022-03-05T10:22:58 IST" duration-ms="1" status="PASS">
          <reporter-output>
          </reporter-output>
        </test-method> <!-- Tests -->
        <test-method is-config="true" signature="beforeClass()[pri:0, instance:m_flipcart.randomTest@62150f9e]" started-at="2022-03-05T10:22:58 IST" name="beforeClass" finished-at="2022-03-05T10:22:58 IST" duration-ms="0" status="PASS">
          <reporter-output>
          </reporter-output>
        </test-method> <!-- beforeClass -->
        <test-method is-config="true" signature="AfterClasss()[pri:0, instance:m_flipcart.randomTest@62150f9e]" started-at="2022-03-05T10:22:58 IST" name="AfterClasss" finished-at="2022-03-05T10:22:58 IST" duration-ms="0" status="PASS">
          <reporter-output>
          </reporter-output>
        </test-method> <!-- AfterClasss -->
        <test-method is-config="true" signature="afterMethod()[pri:0, instance:m_flipcart.randomTest@62150f9e]" started-at="2022-03-05T10:22:58 IST" name="afterMethod" finished-at="2022-03-05T10:22:58 IST" duration-ms="0" status="PASS">
          <reporter-output>
          </reporter-output>
        </test-method> <!-- afterMethod -->
      </class> <!-- m_flipcart.randomTest -->
    </test> <!-- ChromeTest -->
    <test started-at="2022-03-05T10:24:24 IST" name="FirefoxTest" finished-at="2022-03-05T10:26:16 IST" duration-ms="111877">
      <class name="m_flipcart.tests">
        <test-method is-config="true" signature="launchBrowser(java.lang.String)[pri:0, instance:m_flipcart.tests@32eff876]" started-at="2022-03-05T10:24:24 IST" name="launchBrowser" finished-at="2022-03-05T10:24:47 IST" duration-ms="23156" status="PASS">
          <params>
            <param index="0">
              <value>
                <![CDATA[Firefox]]>
              </value>
            </param>
          </params>
          <reporter-output>
          </reporter-output>
        </test-method> <!-- launchBrowser -->
        <test-method is-config="true" signature="logInApplication()[pri:0, instance:m_flipcart.tests@32eff876]" started-at="2022-03-05T10:24:47 IST" name="logInApplication" finished-at="2022-03-05T10:25:11 IST" duration-ms="24126" status="PASS">
          <reporter-output>
          </reporter-output>
        </test-method> <!-- logInApplication -->
        <test-method is-config="true" signature="launchBrowser()[pri:0, instance:m_flipcart.tests@32eff876]" started-at="2022-03-05T10:24:47 IST" name="launchBrowser" finished-at="2022-03-05T10:24:47 IST" duration-ms="0" status="PASS">
          <reporter-output>
          </reporter-output>
        </test-method> <!-- launchBrowser -->
        <test-method signature="addDelete()[pri:0, instance:m_flipcart.tests@32eff876]" started-at="2022-03-05T10:25:11 IST" name="addDelete" finished-at="2022-03-05T10:25:35 IST" duration-ms="24125" status="PASS">
          <reporter-output>
          </reporter-output>
        </test-method> <!-- addDelete -->
        <test-method is-config="true" signature="logout()[pri:0, instance:m_flipcart.tests@32eff876]" started-at="2022-03-05T10:25:35 IST" name="logout" finished-at="2022-03-05T10:25:44 IST" duration-ms="8875" status="PASS">
          <reporter-output>
          </reporter-output>
        </test-method> <!-- logout -->
        <test-method is-config="true" signature="logInApplication()[pri:0, instance:m_flipcart.tests@32eff876]" started-at="2022-03-05T10:25:44 IST" name="logInApplication" finished-at="2022-03-05T10:25:59 IST" duration-ms="14302" status="PASS">
          <reporter-output>
          </reporter-output>
        </test-method> <!-- logInApplication -->
        <test-method signature="remove()[pri:0, instance:m_flipcart.tests@32eff876]" started-at="2022-03-05T10:25:59 IST" name="remove" finished-at="2022-03-05T10:26:06 IST" duration-ms="7845" status="PASS">
          <reporter-output>
          </reporter-output>
        </test-method> <!-- remove -->
        <test-method is-config="true" signature="logout()[pri:0, instance:m_flipcart.tests@32eff876]" started-at="2022-03-05T10:26:06 IST" name="logout" finished-at="2022-03-05T10:26:13 IST" duration-ms="6345" status="PASS">
          <reporter-output>
          </reporter-output>
        </test-method> <!-- logout -->
        <test-method is-config="true" signature="closeBrowser()[pri:0, instance:m_flipcart.tests@32eff876]" started-at="2022-03-05T10:26:13 IST" name="closeBrowser" finished-at="2022-03-05T10:26:16 IST" duration-ms="3099" status="PASS">
          <reporter-output>
          </reporter-output>
        </test-method> <!-- closeBrowser -->
      </class> <!-- m_flipcart.tests -->
      <class name="m_flipcart.randomTest">
        <test-method is-config="true" signature="beforeclass()[pri:0, instance:m_flipcart.randomTest@8dbdac1]" started-at="2022-03-05T10:24:47 IST" name="beforeclass" finished-at="2022-03-05T10:24:47 IST" duration-ms="1" status="PASS">
          <reporter-output>
          </reporter-output>
        </test-method> <!-- beforeclass -->
        <test-method is-config="true" signature="beforeClass()[pri:0, instance:m_flipcart.randomTest@8dbdac1]" started-at="2022-03-05T10:24:47 IST" name="beforeClass" finished-at="2022-03-05T10:24:47 IST" duration-ms="0" status="PASS">
          <reporter-output>
          </reporter-output>
        </test-method> <!-- beforeClass -->
        <test-method signature="Tests()[pri:0, instance:m_flipcart.randomTest@8dbdac1]" started-at="2022-03-05T10:24:47 IST" name="Tests" finished-at="2022-03-05T10:24:47 IST" duration-ms="1" status="PASS">
          <reporter-output>
          </reporter-output>
        </test-method> <!-- Tests -->
        <test-method is-config="true" signature="afterMethod()[pri:0, instance:m_flipcart.randomTest@8dbdac1]" started-at="2022-03-05T10:24:47 IST" name="afterMethod" finished-at="2022-03-05T10:24:47 IST" duration-ms="1" status="PASS">
          <reporter-output>
          </reporter-output>
        </test-method> <!-- afterMethod -->
        <test-method is-config="true" signature="AfterClasss()[pri:0, instance:m_flipcart.randomTest@8dbdac1]" started-at="2022-03-05T10:24:47 IST" name="AfterClasss" finished-at="2022-03-05T10:24:47 IST" duration-ms="1" status="PASS">
          <reporter-output>
          </reporter-output>
        </test-method> <!-- AfterClasss -->
      </class> <!-- m_flipcart.randomTest -->
    </test> <!-- FirefoxTest -->
  </suite> <!-- Suite -->
</testng-results>
