<?xml version="1.0" encoding="UTF-8"?>
<testng-results ignored="0" total="9" passed="9" failed="0" skipped="0">
  <reporter-output>
  </reporter-output>
  <suite started-at="2022-03-10T10:01:54 IST" name="Suite" finished-at="2022-03-10T10:05:51 IST" duration-ms="237316">
    <groups>
    </groups>
    <test started-at="2022-03-10T10:01:54 IST" name="FirefoxTest" finished-at="2022-03-10T10:03:17 IST" duration-ms="83751">
      <class name="m_flipcart.tests">
        <test-method is-config="true" signature="launchBrowser(java.lang.String)[pri:0, instance:m_flipcart.tests@636be97c]" started-at="2022-03-10T10:01:54 IST" name="launchBrowser" finished-at="2022-03-10T10:02:02 IST" duration-ms="8675" status="PASS">
          <params>
            <param index="0">
              <value>
                <![CDATA[Firefox]]>
              </value>
            </param>
          </params>
          <reporter-output>
          </reporter-output>
        </test-method> <!-- launchBrowser -->
        <test-method is-config="true" signature="launchBrowser()[pri:0, instance:m_flipcart.tests@636be97c]" started-at="2022-03-10T10:02:02 IST" name="launchBrowser" finished-at="2022-03-10T10:02:02 IST" duration-ms="0" status="PASS">
          <reporter-output>
          </reporter-output>
        </test-method> <!-- launchBrowser -->
        <test-method is-config="true" signature="logInApplication()[pri:0, instance:m_flipcart.tests@636be97c]" started-at="2022-03-10T10:02:02 IST" name="logInApplication" finished-at="2022-03-10T10:02:19 IST" duration-ms="16510" status="PASS">
          <reporter-output>
          </reporter-output>
        </test-method> <!-- logInApplication -->
        <test-method signature="addDelete()[pri:0, instance:m_flipcart.tests@636be97c]" started-at="2022-03-10T10:02:19 IST" name="addDelete" finished-at="2022-03-10T10:02:41 IST" duration-ms="22085" status="PASS">
          <reporter-output>
          </reporter-output>
        </test-method> <!-- addDelete -->
        <test-method is-config="true" signature="logout()[pri:0, instance:m_flipcart.tests@636be97c]" started-at="2022-03-10T10:02:41 IST" name="logout" finished-at="2022-03-10T10:02:47 IST" duration-ms="6363" status="PASS">
          <reporter-output>
          </reporter-output>
        </test-method> <!-- logout -->
        <test-method is-config="true" signature="logInApplication()[pri:0, instance:m_flipcart.tests@636be97c]" started-at="2022-03-10T10:02:47 IST" name="logInApplication" finished-at="2022-03-10T10:03:01 IST" duration-ms="14126" status="PASS">
          <reporter-output>
          </reporter-output>
        </test-method> <!-- logInApplication -->
        <test-method signature="remove()[pri:0, instance:m_flipcart.tests@636be97c]" started-at="2022-03-10T10:03:01 IST" name="remove" finished-at="2022-03-10T10:03:08 IST" duration-ms="6693" status="PASS">
          <reporter-output>
          </reporter-output>
        </test-method> <!-- remove -->
        <test-method is-config="true" signature="logout()[pri:0, instance:m_flipcart.tests@636be97c]" started-at="2022-03-10T10:03:08 IST" name="logout" finished-at="2022-03-10T10:03:15 IST" duration-ms="6351" status="PASS">
          <reporter-output>
          </reporter-output>
        </test-method> <!-- logout -->
        <test-method is-config="true" signature="closeBrowser()[pri:0, instance:m_flipcart.tests@636be97c]" started-at="2022-03-10T10:03:15 IST" name="closeBrowser" finished-at="2022-03-10T10:03:17 IST" duration-ms="2905" status="PASS">
          <reporter-output>
          </reporter-output>
        </test-method> <!-- closeBrowser -->
      </class> <!-- m_flipcart.tests -->
      <class name="m_flipcart.randomTest">
        <test-method is-config="true" signature="beforeClass()[pri:0, instance:m_flipcart.randomTest@4facf68f]" started-at="2022-03-10T10:02:02 IST" name="beforeClass" finished-at="2022-03-10T10:02:02 IST" duration-ms="0" status="PASS">
          <reporter-output>
          </reporter-output>
        </test-method> <!-- beforeClass -->
        <test-method is-config="true" signature="beforeclass()[pri:0, instance:m_flipcart.randomTest@4facf68f]" started-at="2022-03-10T10:02:02 IST" name="beforeclass" finished-at="2022-03-10T10:02:02 IST" duration-ms="0" status="PASS">
          <reporter-output>
          </reporter-output>
        </test-method> <!-- beforeclass -->
        <test-method signature="Tests()[pri:0, instance:m_flipcart.randomTest@4facf68f]" started-at="2022-03-10T10:02:02 IST" name="Tests" finished-at="2022-03-10T10:02:02 IST" duration-ms="3" status="PASS">
          <reporter-output>
          </reporter-output>
        </test-method> <!-- Tests -->
        <test-method is-config="true" signature="afterMethod()[pri:0, instance:m_flipcart.randomTest@4facf68f]" started-at="2022-03-10T10:02:02 IST" name="afterMethod" finished-at="2022-03-10T10:02:02 IST" duration-ms="0" status="PASS">
          <reporter-output>
          </reporter-output>
        </test-method> <!-- afterMethod -->
        <test-method is-config="true" signature="AfterClasss()[pri:0, instance:m_flipcart.randomTest@4facf68f]" started-at="2022-03-10T10:02:02 IST" name="AfterClasss" finished-at="2022-03-10T10:02:02 IST" duration-ms="0" status="PASS">
          <reporter-output>
          </reporter-output>
        </test-method> <!-- AfterClasss -->
      </class> <!-- m_flipcart.randomTest -->
    </test> <!-- FirefoxTest -->
    <test started-at="2022-03-10T10:03:17 IST" name="OperaTest" finished-at="2022-03-10T10:04:35 IST" duration-ms="77514">
      <class name="m_flipcart.tests">
        <test-method is-config="true" signature="launchBrowser(java.lang.String)[pri:0, instance:m_flipcart.tests@62150f9e]" started-at="2022-03-10T10:03:17 IST" name="launchBrowser" finished-at="2022-03-10T10:03:20 IST" duration-ms="2633" status="PASS">
          <params>
            <param index="0">
              <value>
                <![CDATA[Opera]]>
              </value>
            </param>
          </params>
          <reporter-output>
          </reporter-output>
        </test-method> <!-- launchBrowser -->
        <test-method is-config="true" signature="launchBrowser()[pri:0, instance:m_flipcart.tests@62150f9e]" started-at="2022-03-10T10:03:20 IST" name="launchBrowser" finished-at="2022-03-10T10:03:20 IST" duration-ms="1" status="PASS">
          <reporter-output>
          </reporter-output>
        </test-method> <!-- launchBrowser -->
        <test-method is-config="true" signature="logInApplication()[pri:0, instance:m_flipcart.tests@62150f9e]" started-at="2022-03-10T10:03:20 IST" name="logInApplication" finished-at="2022-03-10T10:03:39 IST" duration-ms="18830" status="PASS">
          <reporter-output>
          </reporter-output>
        </test-method> <!-- logInApplication -->
        <test-method signature="addDelete()[pri:0, instance:m_flipcart.tests@62150f9e]" started-at="2022-03-10T10:03:39 IST" name="addDelete" finished-at="2022-03-10T10:04:00 IST" duration-ms="21301" status="PASS">
          <reporter-output>
          </reporter-output>
        </test-method> <!-- addDelete -->
        <test-method is-config="true" signature="logout()[pri:0, instance:m_flipcart.tests@62150f9e]" started-at="2022-03-10T10:04:00 IST" name="logout" finished-at="2022-03-10T10:04:06 IST" duration-ms="6203" status="PASS">
          <reporter-output>
          </reporter-output>
        </test-method> <!-- logout -->
        <test-method is-config="true" signature="logInApplication()[pri:0, instance:m_flipcart.tests@62150f9e]" started-at="2022-03-10T10:04:06 IST" name="logInApplication" finished-at="2022-03-10T10:04:20 IST" duration-ms="13860" status="PASS">
          <reporter-output>
          </reporter-output>
        </test-method> <!-- logInApplication -->
        <test-method signature="remove()[pri:0, instance:m_flipcart.tests@62150f9e]" started-at="2022-03-10T10:04:20 IST" name="remove" finished-at="2022-03-10T10:04:26 IST" duration-ms="6203" status="PASS">
          <reporter-output>
          </reporter-output>
        </test-method> <!-- remove -->
        <test-method is-config="true" signature="logout()[pri:0, instance:m_flipcart.tests@62150f9e]" started-at="2022-03-10T10:04:26 IST" name="logout" finished-at="2022-03-10T10:04:33 IST" duration-ms="6200" status="PASS">
          <reporter-output>
          </reporter-output>
        </test-method> <!-- logout -->
        <test-method is-config="true" signature="closeBrowser()[pri:0, instance:m_flipcart.tests@62150f9e]" started-at="2022-03-10T10:04:33 IST" name="closeBrowser" finished-at="2022-03-10T10:04:35 IST" duration-ms="2278" status="PASS">
          <reporter-output>
          </reporter-output>
        </test-method> <!-- closeBrowser -->
      </class> <!-- m_flipcart.tests -->
      <class name="m_flipcart.randomTest">
        <test-method is-config="true" signature="beforeClass()[pri:0, instance:m_flipcart.randomTest@1a451d4d]" started-at="2022-03-10T10:03:20 IST" name="beforeClass" finished-at="2022-03-10T10:03:20 IST" duration-ms="1" status="PASS">
          <reporter-output>
          </reporter-output>
        </test-method> <!-- beforeClass -->
        <test-method signature="Tests()[pri:0, instance:m_flipcart.randomTest@1a451d4d]" started-at="2022-03-10T10:03:20 IST" name="Tests" finished-at="2022-03-10T10:03:20 IST" duration-ms="1" status="PASS">
          <reporter-output>
          </reporter-output>
        </test-method> <!-- Tests -->
        <test-method is-config="true" signature="beforeclass()[pri:0, instance:m_flipcart.randomTest@1a451d4d]" started-at="2022-03-10T10:03:20 IST" name="beforeclass" finished-at="2022-03-10T10:03:20 IST" duration-ms="0" status="PASS">
          <reporter-output>
          </reporter-output>
        </test-method> <!-- beforeclass -->
        <test-method is-config="true" signature="AfterClasss()[pri:0, instance:m_flipcart.randomTest@1a451d4d]" started-at="2022-03-10T10:03:20 IST" name="AfterClasss" finished-at="2022-03-10T10:03:20 IST" duration-ms="1" status="PASS">
          <reporter-output>
          </reporter-output>
        </test-method> <!-- AfterClasss -->
        <test-method is-config="true" signature="afterMethod()[pri:0, instance:m_flipcart.randomTest@1a451d4d]" started-at="2022-03-10T10:03:20 IST" name="afterMethod" finished-at="2022-03-10T10:03:20 IST" duration-ms="0" status="PASS">
          <reporter-output>
          </reporter-output>
        </test-method> <!-- afterMethod -->
      </class> <!-- m_flipcart.randomTest -->
    </test> <!-- OperaTest -->
    <test started-at="2022-03-10T10:04:35 IST" name="ChromeTest" finished-at="2022-03-10T10:05:51 IST" duration-ms="76020">
      <class name="m_flipcart.tests">
        <test-method is-config="true" signature="launchBrowser(java.lang.String)[pri:0, instance:m_flipcart.tests@8dbdac1]" started-at="2022-03-10T10:04:35 IST" name="launchBrowser" finished-at="2022-03-10T10:04:37 IST" duration-ms="1975" status="PASS">
          <params>
            <param index="0">
              <value>
                <![CDATA[Chrome]]>
              </value>
            </param>
          </params>
          <reporter-output>
          </reporter-output>
        </test-method> <!-- launchBrowser -->
        <test-method is-config="true" signature="launchBrowser()[pri:0, instance:m_flipcart.tests@8dbdac1]" started-at="2022-03-10T10:04:37 IST" name="launchBrowser" finished-at="2022-03-10T10:04:37 IST" duration-ms="0" status="PASS">
          <reporter-output>
          </reporter-output>
        </test-method> <!-- launchBrowser -->
        <test-method is-config="true" signature="logInApplication()[pri:0, instance:m_flipcart.tests@8dbdac1]" started-at="2022-03-10T10:04:37 IST" name="logInApplication" finished-at="2022-03-10T10:04:55 IST" duration-ms="17967" status="PASS">
          <reporter-output>
          </reporter-output>
        </test-method> <!-- logInApplication -->
        <test-method signature="addDelete()[pri:0, instance:m_flipcart.tests@8dbdac1]" started-at="2022-03-10T10:04:55 IST" name="addDelete" finished-at="2022-03-10T10:05:18 IST" duration-ms="22940" status="PASS">
          <reporter-output>
          </reporter-output>
        </test-method> <!-- addDelete -->
        <test-method is-config="true" signature="logout()[pri:0, instance:m_flipcart.tests@8dbdac1]" started-at="2022-03-10T10:05:18 IST" name="logout" finished-at="2022-03-10T10:05:24 IST" duration-ms="6388" status="PASS">
          <reporter-output>
          </reporter-output>
        </test-method> <!-- logout -->
        <test-method is-config="true" signature="logInApplication()[pri:0, instance:m_flipcart.tests@8dbdac1]" started-at="2022-03-10T10:05:24 IST" name="logInApplication" finished-at="2022-03-10T10:05:38 IST" duration-ms="13789" status="PASS">
          <reporter-output>
          </reporter-output>
        </test-method> <!-- logInApplication -->
        <test-method signature="remove()[pri:0, instance:m_flipcart.tests@8dbdac1]" started-at="2022-03-10T10:05:38 IST" name="remove" finished-at="2022-03-10T10:05:44 IST" duration-ms="6413" status="PASS">
          <reporter-output>
          </reporter-output>
        </test-method> <!-- remove -->
        <test-method is-config="true" signature="logout()[pri:0, instance:m_flipcart.tests@8dbdac1]" started-at="2022-03-10T10:05:44 IST" name="logout" finished-at="2022-03-10T10:05:51 IST" duration-ms="6319" status="PASS">
          <reporter-output>
          </reporter-output>
        </test-method> <!-- logout -->
        <test-method is-config="true" signature="closeBrowser()[pri:0, instance:m_flipcart.tests@8dbdac1]" started-at="2022-03-10T10:05:51 IST" name="closeBrowser" finished-at="2022-03-10T10:05:51 IST" duration-ms="220" status="PASS">
          <reporter-output>
          </reporter-output>
        </test-method> <!-- closeBrowser -->
      </class> <!-- m_flipcart.tests -->
      <class name="m_flipcart.randomTest">
        <test-method is-config="true" signature="beforeClass()[pri:0, instance:m_flipcart.randomTest@6e20b53a]" started-at="2022-03-10T10:04:37 IST" name="beforeClass" finished-at="2022-03-10T10:04:37 IST" duration-ms="1" status="PASS">
          <reporter-output>
          </reporter-output>
        </test-method> <!-- beforeClass -->
        <test-method is-config="true" signature="beforeclass()[pri:0, instance:m_flipcart.randomTest@6e20b53a]" started-at="2022-03-10T10:04:37 IST" name="beforeclass" finished-at="2022-03-10T10:04:37 IST" duration-ms="0" status="PASS">
          <reporter-output>
          </reporter-output>
        </test-method> <!-- beforeclass -->
        <test-method signature="Tests()[pri:0, instance:m_flipcart.randomTest@6e20b53a]" started-at="2022-03-10T10:04:37 IST" name="Tests" finished-at="2022-03-10T10:04:37 IST" duration-ms="3" status="PASS">
          <reporter-output>
          </reporter-output>
        </test-method> <!-- Tests -->
        <test-method is-config="true" signature="afterMethod()[pri:0, instance:m_flipcart.randomTest@6e20b53a]" started-at="2022-03-10T10:04:37 IST" name="afterMethod" finished-at="2022-03-10T10:04:37 IST" duration-ms="1" status="PASS">
          <reporter-output>
          </reporter-output>
        </test-method> <!-- afterMethod -->
        <test-method is-config="true" signature="AfterClasss()[pri:0, instance:m_flipcart.randomTest@6e20b53a]" started-at="2022-03-10T10:04:37 IST" name="AfterClasss" finished-at="2022-03-10T10:04:37 IST" duration-ms="1" status="PASS">
          <reporter-output>
          </reporter-output>
        </test-method> <!-- AfterClasss -->
      </class> <!-- m_flipcart.randomTest -->
    </test> <!-- ChromeTest -->
  </suite> <!-- Suite -->
</testng-results>
