<?xml version="1.0" encoding="UTF-8"?>
<!-- Generated by org.testng.reporters.JUnitXMLReporter -->
<testsuite ignored="0" hostname="DESKTOP-3PLUTEV" failures="0" tests="3" name="ChromeTest" time="73.443" errors="0" timestamp="2022-03-10T11:26:28 IST">
  <testcase classname="m_flipcart.randomTest" name="Tests" time="0.0"/>
  <testcase classname="m_flipcart.tests" name="addDelete" time="21.587"/>
  <testcase classname="m_flipcart.tests" name="remove" time="6.434"/>
</testsuite> <!-- ChromeTest -->
