<?xml version="1.0" encoding="UTF-8"?>
<!-- Generated by org.testng.reporters.JUnitXMLReporter -->
<testsuite ignored="0" hostname="DESKTOP-3PLUTEV" failures="0" tests="3" name="FirefoxTest" time="81.071" errors="0" timestamp="2022-03-10T11:23:58 IST">
  <testcase classname="m_flipcart.randomTest" name="Tests" time="0.006"/>
  <testcase classname="m_flipcart.tests" name="addDelete" time="22.093"/>
  <testcase classname="m_flipcart.tests" name="remove" time="6.78"/>
</testsuite> <!-- FirefoxTest -->
